Welcome to MAGMA v1.10 (linux)
Using flags:
	--bfile /home/rstudio/.cache/R/MAGMA.Celltyping/g1000_eur/g1000_eur
	--pval /home/rstudio/.cache/R/MAGMA.Celltyping/ukb-b-6548.tsv N=422464
	--gene-annot /shared/bms20/projects/MAGMA_Files_Public/data/GWAS_sumstats/ukb-b-6548/MAGMA_Files/ukb-b-6548.tsv.gz.35UP.10DOWN/ukb-b-6548.tsv.gz.35UP.10DOWN.genes.annot
	--out /shared/bms20/projects/MAGMA_Files_Public/data/GWAS_sumstats/ukb-b-6548/MAGMA_Files/ukb-b-6548.tsv.gz.35UP.10DOWN/ukb-b-6548.tsv.gz.35UP.10DOWN

Start time is 12:56:14, Sunday 31 Jul 2022

Loading PLINK-format data...
Reading file /home/rstudio/.cache/R/MAGMA.Celltyping/g1000_eur/g1000_eur.fam... 503 individuals read
Reading file /home/rstudio/.cache/R/MAGMA.Celltyping/g1000_eur/g1000_eur.bim... 22665064 SNPs read
Preparing file /home/rstudio/.cache/R/MAGMA.Celltyping/g1000_eur/g1000_eur.bed... 

Reading SNP synonyms from file /home/rstudio/.cache/R/MAGMA.Celltyping/g1000_eur/g1000_eur.synonyms (auto-detected)
	read 6016767 mapped synonyms from file, mapping to 3921040 SNPs in the data
	WARNING: detected 133 synonymous SNP pairs in the data
	         skipped all synonym entries involved, synonymous SNPs are kept in analysis
	         writing list of detected synonyms in data to supplementary log file
Reading SNP p-values from file /home/rstudio/.cache/R/MAGMA.Celltyping/ukb-b-6548.tsv... 
	detected 12 variables in file
	using variable: SNP (SNP id)
	using variable: P (p-value)
	read 2630422 lines from file, containing valid SNP p-values for 2619263 SNPs in data (99.58% of lines, 11.56% of SNPs in data)
Loading gene annotation from file /shared/bms20/projects/MAGMA_Files_Public/data/GWAS_sumstats/ukb-b-6548/MAGMA_Files/ukb-b-6548.tsv.gz.35UP.10DOWN/ukb-b-6548.tsv.gz.35UP.10DOWN.genes.annot... 
	18171 gene definitions read from file
	found 18125 genes containing valid SNPs in genotype data


Starting gene analysis... 
	using model: SNPwise-mean
	writing gene analysis results to file /shared/bms20/projects/MAGMA_Files_Public/data/GWAS_sumstats/ukb-b-6548/MAGMA_Files/ukb-b-6548.tsv.gz.35UP.10DOWN/ukb-b-6548.tsv.gz.35UP.10DOWN.genes.out
	writing intermediate output to file /shared/bms20/projects/MAGMA_Files_Public/data/GWAS_sumstats/ukb-b-6548/MAGMA_Files/ukb-b-6548.tsv.gz.35UP.10DOWN/ukb-b-6548.tsv.gz.35UP.10DOWN.genes.raw


End time is 13:00:39, Sunday 31 Jul 2022 (elapsed: 00:04:25)
