Welcome to MAGMA v1.10 (linux)
Using flags:
	--bfile /home/rstudio/.cache/R/MAGMA.Celltyping/g1000_eur/g1000_eur
	--pval /tmp/Rtmpl9IZTp/Wightman2021.tsv N=1126563
	--genes-only
	--gene-annot /shared/bms20/projects/MAGMA_Files_Public/data/GWAS_sumstats/Wightman2021/MAGMA_Files/Wightman2021.tsv.gz.35UP.10DOWN/Wightman2021.tsv.gz.35UP.10DOWN.genes.annot
	--out /shared/bms20/projects/MAGMA_Files_Public/data/GWAS_sumstats/Wightman2021/MAGMA_Files/Wightman2021.tsv.gz.35UP.10DOWN/Wightman2021.tsv.gz.35UP.10DOWN

Start time is 12:17:32, Friday 12 Aug 2022

Loading PLINK-format data...
Reading file /home/rstudio/.cache/R/MAGMA.Celltyping/g1000_eur/g1000_eur.fam... 503 individuals read
Reading file /home/rstudio/.cache/R/MAGMA.Celltyping/g1000_eur/g1000_eur.bim... 22665064 SNPs read
Preparing file /home/rstudio/.cache/R/MAGMA.Celltyping/g1000_eur/g1000_eur.bed... 

Reading SNP synonyms from file /home/rstudio/.cache/R/MAGMA.Celltyping/g1000_eur/g1000_eur.synonyms (auto-detected)
	read 6016767 mapped synonyms from file, mapping to 3921040 SNPs in the data
	WARNING: detected 133 synonymous SNP pairs in the data
	         skipped all synonym entries involved, synonymous SNPs are kept in analysis
	         writing list of detected synonyms in data to supplementary log file
Reading SNP p-values from file /tmp/Rtmpl9IZTp/Wightman2021.tsv... 
	detected 8 variables in file
	using variable: SNP (SNP id)
	using variable: P (p-value)
	read 7525394 lines from file, containing valid SNP p-values for 6800400 SNPs in data (90.37% of lines, 30% of SNPs in data)
Loading gene annotation from file /shared/bms20/projects/MAGMA_Files_Public/data/GWAS_sumstats/Wightman2021/MAGMA_Files/Wightman2021.tsv.gz.35UP.10DOWN/Wightman2021.tsv.gz.35UP.10DOWN.genes.annot... 
	18289 gene definitions read from file
	found 18241 genes containing valid SNPs in genotype data


Starting gene analysis... 
	using model: SNPwise-mean
	writing gene analysis results to file /shared/bms20/projects/MAGMA_Files_Public/data/GWAS_sumstats/Wightman2021/MAGMA_Files/Wightman2021.tsv.gz.35UP.10DOWN/Wightman2021.tsv.gz.35UP.10DOWN.genes.out


End time is 12:23:58, Friday 12 Aug 2022 (elapsed: 00:06:26)
