Welcome to MAGMA v1.10 (linux)
Using flags:
	--bfile /home/rstudio/.cache/R/MAGMA.Celltyping/g1000_eas/g1000_eas
	--pval /tmp/Rtmp3yqmVv/ieu-a-11.tsv N=5409
	--genes-only
	--gene-annot /shared/bms20/projects/MAGMA_Files_Public/data/GWAS_sumstats/ieu-a-11/MAGMA_Files/ieu-a-11.tsv.gz.35UP.10DOWN/ieu-a-11.tsv.gz.35UP.10DOWN.genes.annot
	--out /shared/bms20/projects/MAGMA_Files_Public/data/GWAS_sumstats/ieu-a-11/MAGMA_Files/ieu-a-11.tsv.gz.35UP.10DOWN/ieu-a-11.tsv.gz.35UP.10DOWN

Start time is 18:32:52, Saturday 06 Aug 2022

Loading PLINK-format data...
Reading file /home/rstudio/.cache/R/MAGMA.Celltyping/g1000_eas/g1000_eas.fam... 504 individuals read
Reading file /home/rstudio/.cache/R/MAGMA.Celltyping/g1000_eas/g1000_eas.bim... 22263023 SNPs read
Preparing file /home/rstudio/.cache/R/MAGMA.Celltyping/g1000_eas/g1000_eas.bed... 

Reading SNP synonyms from file /home/rstudio/.cache/R/MAGMA.Celltyping/g1000_eas/g1000_eas.synonyms (auto-detected)
	read 5575859 mapped synonyms from file, mapping to 3594051 SNPs in the data
	WARNING: detected 119 synonymous SNP pairs in the data
	         skipped all synonym entries involved, synonymous SNPs are kept in analysis
	         writing list of detected synonyms in data to supplementary log file
Reading SNP p-values from file /tmp/Rtmp3yqmVv/ieu-a-11.tsv... 
	detected 13 variables in file
	using variable: SNP (SNP id)
	using variable: P (p-value)
	read 51805 lines from file, containing valid SNP p-values for 49142 SNPs in data (94.86% of lines, 0.2207% of SNPs in data)
Loading gene annotation from file /shared/bms20/projects/MAGMA_Files_Public/data/GWAS_sumstats/ieu-a-11/MAGMA_Files/ieu-a-11.tsv.gz.35UP.10DOWN/ieu-a-11.tsv.gz.35UP.10DOWN.genes.annot... 
	7374 gene definitions read from file
	found 7244 genes containing valid SNPs in genotype data


Starting gene analysis... 
	using model: SNPwise-mean
	writing gene analysis results to file /shared/bms20/projects/MAGMA_Files_Public/data/GWAS_sumstats/ieu-a-11/MAGMA_Files/ieu-a-11.tsv.gz.35UP.10DOWN/ieu-a-11.tsv.gz.35UP.10DOWN.genes.out


End time is 18:34:50, Saturday 06 Aug 2022 (elapsed: 00:01:58)
