Welcome to MAGMA v1.10 (linux)
Using flags:
	--bfile /rds/general/user/bms20/home/.cache/R/MAGMA.Celltyping/g1000_eur/g1000_eur synonym-dup=skip
	--pval /var/tmp/pbs.7704097[2].pbs/RtmpUT9MOe/ieu-a-1095.tsv ncol=N duplicate=drop
	--gene-annot /rds/general/project/neurogenomics-lab/ephemeral/MAGMA_Files_Public/data/GWAS_munged/ieu-a-1095/MAGMA_Files/ieu-a-1095.tsv.bgz.35UP.10DOWN/ieu-a-1095.tsv.bgz.35UP.10DOWN.genes.annot
	--out /rds/general/project/neurogenomics-lab/ephemeral/MAGMA_Files_Public/data/GWAS_munged/ieu-a-1095/MAGMA_Files/ieu-a-1095.tsv.bgz.35UP.10DOWN/ieu-a-1095.tsv.bgz.35UP.10DOWN

Start time is 17:27:44, Tuesday 06 Jun 2023

Loading PLINK-format data...
Reading file /rds/general/user/bms20/home/.cache/R/MAGMA.Celltyping/g1000_eur/g1000_eur.fam... 503 individuals read
Reading file /rds/general/user/bms20/home/.cache/R/MAGMA.Celltyping/g1000_eur/g1000_eur.bim... 22665064 SNPs read
Preparing file /rds/general/user/bms20/home/.cache/R/MAGMA.Celltyping/g1000_eur/g1000_eur.bed... 

Reading SNP synonyms from file /rds/general/user/bms20/home/.cache/R/MAGMA.Celltyping/g1000_eur/g1000_eur.synonyms (auto-detected)
	read 6016767 mapped synonyms from file, mapping to 3921040 SNPs in the data
	WARNING: detected 133 synonymous SNP pairs in the data
	         skipped all synonym entries involved, synonymous SNPs are kept in analysis
	         writing list of detected synonyms in data to supplementary log file
Reading SNP p-values from file /var/tmp/pbs.7704097[2].pbs/RtmpUT9MOe/ieu-a-1095.tsv... 
	detected 14 variables in file
	using variable: SNP (SNP id)
	using variable: P (p-value)
	using variable: N (sample size; discarding SNPs with N < 50)
	read 2355261 lines from file, containing valid SNP p-values for 2342016 SNPs in data (99.44% of lines, 10.33% of SNPs in data)
Loading gene annotation from file /rds/general/project/neurogenomics-lab/ephemeral/MAGMA_Files_Public/data/GWAS_munged/ieu-a-1095/MAGMA_Files/ieu-a-1095.tsv.bgz.35UP.10DOWN/ieu-a-1095.tsv.bgz.35UP.10DOWN.genes.annot... 
	17927 gene definitions read from file
	found 17910 genes containing valid SNPs in genotype data


Starting gene analysis... 
	using model: SNPwise-mean
	writing gene analysis results to file /rds/general/project/neurogenomics-lab/ephemeral/MAGMA_Files_Public/data/GWAS_munged/ieu-a-1095/MAGMA_Files/ieu-a-1095.tsv.bgz.35UP.10DOWN/ieu-a-1095.tsv.bgz.35UP.10DOWN.genes.out
	writing intermediate output to file /rds/general/project/neurogenomics-lab/ephemeral/MAGMA_Files_Public/data/GWAS_munged/ieu-a-1095/MAGMA_Files/ieu-a-1095.tsv.bgz.35UP.10DOWN/ieu-a-1095.tsv.bgz.35UP.10DOWN.genes.raw


End time is 17:32:10, Tuesday 06 Jun 2023 (elapsed: 00:04:26)
