GENE       CHR      START       STOP  NSNPS  NPARAM      N        ZSTAT            P
79906        1    2241719    2358190      2       1  74046       2.2981     0.010778
261734       1    5912870    6087618      1       1  74046       -1.922       0.9727
8514         1    6017358    6171253      1       1  74046       -1.922       0.9727
83715        1    6449836    6531004      1       1  74046        1.182       0.1186
8718         1    6510787    6562432      1       1  74046        1.182       0.1186
57449        1    6516152    6615121      1       1  74046        1.182       0.1186
23254        1   14184646   15454544      1       1  74046       2.0731      0.01908
114827       1   15538730   15734767      2       1  74046       4.1132   1.9514e-05
79180        1   15701391   15766839      4       1  74046       4.1903   1.3926e-05
11330        1   15729938   15783153      2       1  74046       4.0408   2.6638e-05
23400        1   17302453   17373467      1       1  74046       2.8349     0.002292
6390         1   17335217   17415665      1       1  74046       2.8349     0.002292
54361        1   22433798   22505474      1       1  74046       2.5937     0.004748
7780         1   26354513   26408439      1       1  74046       2.4022    0.0081489
84676        1   26367792   26429142      1       1  74046       2.4022    0.0081489
27293        1   28226456   28295663      1       1  74046       2.3888     0.008452
55113        1   28251504   28304604      1       1  74046       2.3888     0.008452
2140         1   28286855   28450173      1       1  74046       2.3888     0.008452
4146         1   31174124   31231432      2       1  74046       2.8728    0.0020341
7805         1   31195315   31265683      3       2  74046       3.1399   0.00084491
54802        1   40296703   40384177     12       1  74046       3.4521   0.00027813
4610         1   40351096   40402687      3       1  74046         3.31   0.00046645
9783         1   41076352   41166324      3       1  74046       3.5302   0.00020762
4802         1   41122242   41247275      1       1  74046      0.27359       0.3922
9132         1   41214684   41316124      1       1  74046      0.27359       0.3922
2060         1   51809935   52020026     13       1  74046        1.989     0.023352
127795       1   60446066   60574442      1       1  74046       2.0556      0.01991
163782       1   62691837   62820083      4       1  74046         3.03    0.0012228
79819        1   67268568   67425907      1       1  74046      0.97009        0.166
57708        1   67355578   67464302      3       1  74046       1.8122     0.034975
23169        1   67455015   67555080      1       1  74046       1.6968      0.04487
400757       1   67547859   67635654      1       1  74046       1.6968      0.04487
257194       1   71858625   72783533      4       2  74046       2.9367    0.0016589
256435       1   76505389   77110311      4       1  74046       3.6399   0.00013635
26009        1   78018160   78184119      1       1  74046       1.9961      0.02296
23032        1   78151672   78260564      1       1  74046       1.9961      0.02296
8915         1   85721459   85777604      1       1  74046       3.4618    0.0002683
255631       1   86184916   86657121      3       1  74046       3.1711   0.00075943
115362       1   89714633   89773544      1       1  74046       3.1338    0.0008629
55144        1   90251573   90411991      2       1  74046       1.6033     0.054429
10451        1  108103782  108542545      4       2  74046        3.355    0.0003968
23155        1  109462130  109541121      1       1  74046       3.2322    0.0006142
22911        1  109502835  109619860      1       1  74046       3.2322    0.0006142
10352        1  119563839  119718404      1       1  74046       2.4381    0.0073819
9900         1  149864870  149924434      1       1  74046       3.3038     0.000477
10262        1  149885209  149936449      1       1  74046       3.3038     0.000477
10903        1  149890543  149943791      1       1  74046       3.3038     0.000477
56957        1  149902229  150017686      2       1  74046       3.3667   0.00038031
51686        1  151700445  151753806      1       1  74046       2.6395     0.004152
65005        1  151722119  151771040      1       1  74046       2.6395     0.004152
11022        1  151732741  151798052      1       1  74046       2.6395     0.004152
6701         1  153032717  153079084      1       1  74046       3.3775    0.0003658
6704         1  153055611  153102001      1       1  74046       3.3775    0.0003658
6705         1  153074612  153120989      1       1  74046       4.1694    1.527e-05
6706         1  153112058  153158427      6       1  74046       4.5867   2.2512e-06
149018       1  153140906  153187601      3       1  74046       4.0928   2.1307e-05
128360       1  158358312  158404256      2       1  74046       3.4863   0.00024485
391107       1  158379718  158425656      2       1  74046       3.4863   0.00024485
6675         1  162496296  162580379      3       1  74046       3.2364   0.00060524
4921         1  162567228  162766409      3       1  74046       3.2364   0.00060524
5999         1  163003396  163056592      3       1  74046       2.7995    0.0025588
8490         1  163102089  163326581      7       2  74046       3.7044   0.00010597
4009         1  165161104  165360952      6       1  74046       2.6419    0.0041221
440699       1  165478478  165543185      9       1  74046        2.705    0.0034156
89866        1  177882825  177974188      2       1  74046       1.9508     0.025542
10877        1  196822144  196897843      1       1  74046       3.7185    0.0001002
55765        1  200825627  200894864      1       1  74046       2.4218     0.007722
23046        1  200928514  201027828     16       1  74046       4.1263   1.8433e-05
779          1  200998635  201116694      1       1  74046       3.8834    5.151e-05
89796        1  201473243  201806102      1       1  74046       3.4391    0.0002918
2005         1  205567071  205637971      6       1  74046       2.9058    0.0018317
85414        1  205616979  205684630      7       1  74046       2.8567    0.0021404
83593        1  206645866  206772616      1       1  74046       1.8082      0.03529
1939         1  206754974  206820904      2       1  74046       3.1477   0.00082286
8444         1  206773881  206833229      4       1  74046       3.0823     0.001027
9261         1  206823295  206917630     12       1  74046       3.1831    0.0007286
3586         1  206930948  206980839      2       1  74046       4.3527   6.7248e-06
29949        1  206937215  207026326      1       1  74046       3.2901    0.0005007
722          1  207242583  207328317      1       1  74046       2.4996     0.006216
1380         1  207592645  207673240      3       2  74046       4.2202   1.2204e-05
1378         1  207634473  207825110     10       3  74046       7.3247   1.1974e-13
1379         1  207783458  207907036     30       4  74046       5.1627    1.217e-07
4179         1  207890383  207978861      9       1  74046       3.9371   4.1243e-05
25936        1  212889495  213000139     10       1  74046        2.043     0.020526
128387       1  212930170  213000167     10       1  74046        2.043     0.020526
149643       1  212993483  213055991      1       1  74046       1.5129     0.065149
28982        1  212996597  213082705      1       1  74046       1.5129     0.065149
2104         1  216666588  217346097      1       1  74046       3.5423    0.0001983
3142         1  221017743  221068401      1       1  74046       3.0192     0.001267
388743       1  223704972  223888436      1       1  74046       3.0349     0.001203
824          1  223854295  223973720      1       1  74046       3.0349     0.001203
359948       1  234730015  234780271      2       1  74046       1.8821     0.029914
7107         1  236270832  236425314      4       1  74046       2.2006     0.013881
1131         1  239514876  240088750      2       1  74046       3.3352   0.00042624
9156         1  241976491  242063241      2       1  74046       3.2734   0.00053125
200150       1  242241689  242722998      1       1  74046       2.3491    0.0094089
159          1  244561794  244650436     10       1  74046       2.3629    0.0090668
257044       1  244589673  244813664      2       1  74046       2.6018    0.0046366
64754        1  245902642  246705644     26       2  74046       1.8404     0.032856
343172       1  248045963  248095258      6       1  74046       2.7421     0.003052
284521       1  248065493  248274224      9       1  74046       2.7724    0.0027826
391190       1  248077160  248123098      9       1  74046       2.7724    0.0027826
391191       1  248093634  248139641      4       1  74046       2.8246    0.0023667
26751        2     208136     299820     25       1  74046       3.0651    0.0010882
52           2     229869     288283     18       1  74046       3.0261    0.0012386
101927262    2     255342     302920     11       1  74046       3.2131   0.00065649
285016       2     269561     324002      8       1  74046        3.264   0.00054921
23040        2    1782885    2370147      2       1  74046       2.6452     0.004082
8648         2   24679919   25003571      7       1  74046        2.235     0.012707
79172        2   24981175   25055245      4       1  74046       2.2679     0.011668
391356       2   25003136   25051251      2       1  74046       2.2563     0.012025
109          2   25032038   25177602      3       1  74046       2.2664     0.011713
1788         2   25441421   25600459      3       1  74046       2.6825    0.0036542
1838         2   25590067   25931516      4       1  74046       2.6064    0.0045747
25780        2   33626416   33799798      2       1  74046       3.8001   7.2331e-05
5212         2   36888833   37051937      1       1  74046       2.7184      0.00328
391365       2   37384963   37458230      4       1  74046       3.5382    0.0002014
10153        2   37418772   37493740      5       2  74046       3.9344   4.1708e-05
55471        2   37423774   37486303      5       2  74046       3.9344   4.1708e-05
23683        2   37467645   37586915      8       1  74046       3.9173   4.4776e-05
27436        2   42361490   42569688      4       1  74046       3.8255    6.525e-05
9167         2   42567640   42631150      2       1  74046        3.747   8.9496e-05
170850       2   42659157   42756237      1       1  74046       3.2112    0.0006608
57504        2   42686709   43021080      2       1  74046       4.3833   5.8448e-06
165140       2   42979639   43026401      1       1  74046       3.7031    0.0001065
23498        2   42984229   43054753      1       1  74046       3.7031    0.0001065
63892        2   43447975   43858185      1       1  74046        4.131    1.806e-05
51626        2   43966178   44065095      1       1  74046       1.8439       0.0326
64240        2   44029611   44101039      1       1  74046       1.8439       0.0326
64241        2   44031103   44115947      1       1  74046       1.8439       0.0326
10128        2   44103363   44258144      1       1  74046       1.0568       0.1453
90411        2   47119009   47203994      1       1  74046       2.7149     0.003315
2492         2   49179296   49416666      1       1  74046       3.0621     0.001099
9378         2   50135643   51294674      5       2  74046       3.5237   0.00021276
400954       2   54917149   55209157      1       1  74046       2.3968    0.0082689
2202         2   56083097   56186298      1       1  74046       1.5264      0.06346
150684       2   62080904   62373205      1       1  74046       2.8614     0.002109
6509         2   65180579   65260999      1       1  74046       1.5714      0.05805
84168        2   69205276   69486459      3       1  74046       2.8896    0.0019286
400961       2   71399868   71489233      1       1  74046       3.7323   9.4879e-05
27332        2   71468729   71672191      3       1  74046       4.5536   2.6362e-06
8291         2   71645347   71923895      1       1  74046       1.8593      0.03149
80059        2   76964849   77784502      1       1  74046   -0.0045129       0.5018
200407       2  101954816  102038965      1       1  74046       1.2804       0.1002
731220       2  102003823  102126165      1       1  74046       1.2804       0.1002
2274         2  105967272  106090230      1       1  74046       2.7632     0.002862
55289        2  111455150  111885799      2       1  74046       2.2753     0.011445
7849         2  113963574  114071527      1       1  74046       2.7216     0.003248
140738       2  120152501  120206096      3       1  74046       2.7681    0.0028191
6344         2  120187419  120317028      2       1  74046       2.8016    0.0025429
129684       2  124747864  125682954      2       1  74046       1.4931     0.067706
274          2  127795599  127899903     57       9  74046       6.1094        5e-10
2071         2  128004866  128086752      1       1  74046       2.1596       0.0154
10746        2  128046245  128135805      1       1  74046       2.1596       0.0154
4249         2  134842502  135222192      1       1  74046       2.8908     0.001921
81615        2  135203330  135513219      1       1  74046       2.8908     0.001921
80731        2  137604718  138445287      1       1  74046       3.2774    0.0005239
8942         2  143471497  143809885      1       1  74046       2.0478      0.02029
254042       2  172829804  172957158      1       1  74046       3.2857    0.0005086
9541         2  175202878  175295443      1       1  74046        2.423     0.007697
79634        2  175225457  175304303      1       1  74046        2.423     0.007697
151556       2  175286299  175386816      1       1  74046        2.423     0.007697
3231         2  177018307  177065635      1       1  74046       1.8872      0.02957
50940        2  178477977  179008066      2       1  74046       2.6884    0.0035898
151242       2  182783968  183006109      1       1  74046       3.4864    0.0002448
5136         2  182994762  183422572      1       1  74046       2.0488      0.02024
10203        2  188196690  188348021      4       1  74046        2.451    0.0071222
6775         2  191884302  192072404      1       1  74046       1.9912      0.02323
1493         2  204697511  204748683      1       1  74046       2.8052     0.002514
117583       2  205375516  206494886      1       1  74046        2.681      0.00367
8828         2  206512184  206672857      1       1  74046       2.5106     0.006026
151050       2  210875435  211071068      2       1  74046       2.2269     0.012979
33           2  211042632  211125215      1       1  74046       1.3818      0.08351
79853        2  228216872  228279022      1       1  74046       2.3156      0.01029
92737        2  230212345  230614286      1       1  74046       2.3924    0.0083701
9320         2  230621098  230821763      1       1  74046       2.8445     0.002224
129563       2  232791293  233218678      1       1  74046       3.9642    3.682e-05
251          2  233236552  233285424      1       1  74046       1.5626      0.05907
25791        2  233733396  233912951      5       1  74046       3.7086   0.00010422
4759         2  233862382  233909767      2       1  74046       3.7119   0.00010287
79083        2  238360053  238473961     24       2  74046       3.1909   0.00070915
51052        2  238440217  238485818      8       1  74046       3.2772    0.0005242
10752        3     203279     461100      1       1  74046       3.1905    0.0007101
23225        3   13347730   13496819      1       1  74046       2.2581      0.01197
5915         3   25180638   25649423      1       1  74046       1.7635      0.03891
114884       3   31692317   32058342      5       1  74046       3.2324   0.00061372
112616       3   32398163   32506333      2       1  74046       2.8448     0.002222
101928592    3   44714574   44761283      1       1  74046       2.6989     0.003478
91392        3   44719135   44775323      2       1  74046       2.7027    0.0034388
115560       3   44736098   44788575      3       1  74046       2.8073    0.0024982
56992        3   44768209   44904748      9       1  74046       2.8186    0.0024119
57456        3   44780236   44838173      6       1  74046       2.8565    0.0021418
131616       3   44868408   44917156      2       1  74046        2.729    0.0031761
7047         3   44881098   44966093      1       1  74046       2.8475     0.002203
64866        3   45113766   45222914      1       1  74046       2.0349      0.02093
776          3   53494076   53857179      1       1  74046    0.0017534       0.4993
23272        3   56644160   56752270      2       1  74046       3.0372    0.0011939
50650        3   56751446   57148336      1       1  74046       4.1541    1.633e-05
54756        3   57114010   57239345      1       1  74046        3.651    0.0001306
2272         3   59725036   61272133      2       1  74046       2.8069    0.0025011
8618         3   62374021   62896064      3       1  74046       2.8379    0.0022707
132204       3   63228914   63612597      1       1  74046       2.9517      0.00158
166336       3   64069526   64288859      2       1  74046       3.4139   0.00032016
6091         3   78636388   79852059      4       1  74046       2.9882    0.0014032
214          3  105050557  105305757      7       1  74046       2.4728    0.0067022
55081        3  107869659  107976417      1       1  74046       1.6152      0.05313
131450       3  112631532  112728950      5       1  74046       1.9062      0.02831
29083        3  112674323  112730221      5       1  74046       1.9062      0.02831
11343        3  127397905  127577093      1       1  74046       1.6055      0.05419
6184         3  128328813  128404719     18       2  74046       3.7922   7.4663e-05
7879         3  128409975  128543641      2       1  74046       3.2531   0.00057074
131890       3  141462043  141545892      1       1  74046      0.91575       0.1799
285195       3  142974063  143602373     12       2  74046       3.2666   0.00054432
116931       3  150768452  151164465      9       1  74046       3.4447   0.00028581
9934         3  150919905  151031996      7       1  74046       3.4399   0.00029094
53836        3  151001874  151069636      6       1  74046       3.5358   0.00020327
53829        3  151034096  151082337      2       1  74046       3.4426   0.00028807
64805        3  151044631  151137600      1       1  74046       3.3927     0.000346
56670        3  151556431  151609876      2       1  74046       1.9204     0.027405
4154         3  151927120  152193569      1       1  74046       2.3442     0.009535
645843       3  152047487  152093779      1       1  74046       2.3442     0.009535
4311         3  154762436  154911518      2       1  74046       2.2842     0.011179
23007        3  155187670  155497878      8       1  74046       2.5155    0.0059428
83893        3  172597147  172894058      3       1  74046       2.5943    0.0047398
64393        3  178725011  178825067      1       1  74046       2.7167     0.003297
5984         3  186497681  186559484      1       1  74046       1.9118      0.02795
9370         3  186525463  186586252      1       1  74046       1.9118      0.02795
8626         3  189313942  189625068      1       1  74046       3.0236     0.001249
10815        4     768745     854945      1       1  74046       3.0715     0.001065
2580         4     833065     961174      2       1  74046       3.7823   7.7687e-05
55351        4    5018527    5512728      1       1  74046       1.4003      0.08071
1400         4    5812491    5929785      1       1  74046       1.0652       0.1434
952          4   15744921   15860706      1       1  74046       2.9069     0.001825
57495        4   37211690   37461087      1       1  74046       2.1186      0.01706
23216        4   37854606   38150796      1       1  74046       2.2771      0.01139
92689        4   38834354   38957365     16       1  74046       2.3375    0.0097053
55584        4   40302346   40367234     12       1  74046       3.5356   0.00020342
57205        4   47452296   47605503      1       1  74046       3.4935    0.0002384
10699        4   47586015   47875395      1       1  74046        3.719   9.9991e-05
23284        4   62031949   62948168      2       1  74046        3.464   0.00026611
55236        4   68471479   68601889      1       1  74046       2.7448     0.003027
339967       4   68766019   68864232      7       1  74046       2.6421    0.0041193
389208       4   68908916   69030587      8       1  74046       2.6843    0.0036343
132724       4   69082371   69146412      7       2  74046       2.6404    0.0041404
8671         4   72018003   72447804      3       1  74046       3.6621    0.0001251
6372         4   74667273   74714477      1       1  74046       2.4094    0.0079901
5197         4   74684013   74730198      1       1  74046       2.4094    0.0079901
2919         4   74700109   74747019      1       1  74046       2.4094    0.0079901
100631383    4   77137853   77242283      4       1  74046       2.9975    0.0013608
8987         4   77192179   77242283      4       1  74046       2.9975    0.0013608
339965       4   77224192   77368285      4       1  74046       2.9975    0.0013608
57619        4   77321253   77714406      1       1  74046       2.0569      0.01985
5602         4   86923452   87409283      3       1  74046        2.246     0.012351
2895         4   93190453   94705707     10       1  74046       2.9421    0.0016298
130          4  100113795  100175403      1       1  74046       2.8869     0.001945
124          4  100187523  100247185      1       1  74046       2.8548     0.002153
125          4  100217527  100277572      1       1  74046       2.8548     0.002153
54790        4  106032032  106210960      3       1  74046       2.3655     0.009002
9061         4  108524822  108676419     11       2  74046       2.9237    0.0017295
84570        4  109721877  110258799      8       2  74046       4.4709   3.8943e-06
84162        4  123038488  123293914      1       1  74046    -0.091621       0.5365
3600         4  142522749  142665140      3       1  74046       2.8981     0.001877
8821         4  142939181  143802604      1       1  74046       2.4198    0.0077641
10393        4  145905727  146054693      1       1  74046        3.276    0.0005264
6059         4  145984156  146060676      1       1  74046        3.276    0.0005264
166785       4  146505540  146591187      1       1  74046       1.7808      0.03747
2983         4  156645126  156738783      1       1  74046       3.6153      0.00015
9693         4  159990224  160291314      2       1  74046       2.8689    0.0020595
140458       4  177124824  177233722      1       1  74046       1.6259      0.05199
60559        4  177206090  177263396      1       1  74046       1.6259      0.05199
80014        4  183985463  184251930      2       1  74046       3.1011   0.00096393
6550         5     463298     559549      1       1  74046      0.96011       0.1685
23379        5    5387786    5500347      2       1  74046       2.7337    0.0031316
9037         5    9025138    9581233      2       1  74046       2.4983    0.0062387
651746       5   10529435   10667928      5       1  74046       3.6462   0.00013306
1767         5   13680437   14046841      4       2  74046       2.6404    0.0041403
54491        5   14546891   14626289      1       1  74046       3.7549    8.671e-05
90268        5   14629783   14709842      4       2  74046       5.2922   6.0435e-08
56172        5   14694909   14906887      7       1  74046        4.607   2.0423e-06
64902        5   34988206   35083293     13       1  74046       3.4808   0.00024995
5618         5   35038861   35265823     19       2  74046        3.635   0.00013896
10468        5   52741183   52792964      4       1  74046       3.0466    0.0011574
4724         5   52821464   52989171      1       1  74046       3.0233      0.00125
9607         5   70979990   71026875      3       1  74046       2.9656    0.0015103
167465       5   71728238   71838249      1       1  74046       2.2127      0.01346
10788        5   75664131   76013957      3       1  74046       3.1096   0.00093662
4208         5   88004058   88234922      1       1  74046        2.661     0.003895
1105         5   98179689   98299522      1       1  74046       3.2148    0.0006526
64839        5  107184734  107753080      7       1  74046         3.57   0.00017851
2241         5  108048523  108533373      3       1  74046       1.8291     0.033689
814          5  110524947  110840584     11       2  74046       2.8048    0.0025174
5229         5  114536527  114634123      2       1  74046       1.8846     0.029744
153733       5  114592885  114667458      4       1  74046       2.5519    0.0053567
353376       5  114904339  114987142      7       2  74046       2.6783    0.0037002
100302736    5  114904339  114996876      7       2  74046       2.6783    0.0037002
51014        5  114938905  114996876      6       2  74046       2.7645    0.0028503
285605       5  118162569  118359240      2       1  74046       2.5144    0.0059613
84466        5  126530206  126806914      4       1  74046       3.6318   0.00014072
100996485    5  134333970  134690370      1       1  74046       2.6423     0.004117
2107         5  137831782  137913989      5       1  74046         2.82    0.0024014
9542         5  139216364  139457884      3       1  74046       2.6398    0.0041475
84418        5  139519653  139633374     11       2  74046       4.2958   8.7035e-06
5201         5  139614635  139717689     11       2  74046       4.0939   2.1209e-05
1839         5  139702428  139761188      8       1  74046       3.0477    0.0011528
83697        5  139704787  139764722      9       2  74046       3.1846   0.00072488
54882        5  139746399  139929441      4       2  74046       2.9432    0.0016244
404734       5  139746399  139939163      4       2  74046       2.9432    0.0016244
8637         5  139892251  139939163      1       1  74046       2.3005      0.01071
113829       5  139909420  139958683      1       1  74046       2.3005      0.01071
10011        5  139919652  139972678      1       1  74046       2.3005      0.01071
3550         5  139992384  140052065      2       1  74046       1.8103     0.035121
929          5  140001313  140048286      2       1  74046       1.8103     0.035121
54853        5  140009384  140061930      3       1  74046       1.7767     0.037808
4695         5  140014948  140062370      3       1  74046       1.7767     0.037808
23438        5  140036011  140088903      4       1  74046       1.7956     0.036277
373863       5  140040381  140088171      4       1  74046       1.7956     0.036277
153527       5  140043265  140096248      5       1  74046       1.7693      0.03842
3035         5  140043490  140106681      6       1  74046       1.8836     0.029807
56147        5  140130876  140401929     30       1  74046       1.9921     0.023181
56146        5  140139444  140401929     28       1  74046       1.9914     0.023216
56145        5  140145783  140401929     25       1  74046       1.9867     0.023481
56144        5  140151672  140401929     25       1  74046       1.9867     0.023481
56143        5  140166361  140401929     19       1  74046       2.0086     0.022288
56142        5  140172650  140401929     17       1  74046       2.0222     0.021577
56141        5  140178969  140401929     16       1  74046       2.0301     0.021171
56140        5  140185907  140401929     12       1  74046       2.0365     0.020852
9752         5  140192357  140401929      8       1  74046       2.0197     0.021709
56139        5  140200634  140401929      5       1  74046       1.9709     0.024367
56138        5  140212149  140401932      4       1  74046       1.9775     0.023994
2246         5  141961743  142112635      1       1  74046       2.7774      0.00274
57528        5  143515437  143868097     81       1  74046       2.9907    0.0013918
1452         5  148863896  148966115      1       1  74046       2.0978      0.01796
309          5  150470267  150572443      1       1  74046      0.51236       0.3042
2890         5  152835084  153203429     18       1  74046       2.4321    0.0075062
10827        5  153359723  153453497      1       1  74046       1.7091      0.04372
4238         5  153383519  153447014      1       1  74046       1.7091      0.04372
30820        5  169745491  170173636      3       1  74046       2.3258     0.010013
9260         5  176900395  176959606      3       1  74046       3.3684   0.00037804
79930        5  176918905  176972490      4       1  74046       3.3767    0.0003668
51428        5  176928578  176978967      5       1  74046       3.4151   0.00031878
54540        5  176936790  177016548      9       1  74046       3.5332    0.0002053
54732        5  176984213  177033108      2       1  74046       3.5836   0.00016946
55651        5  177566464  177615961      1       1  74046       2.4986     0.006234
3182         5  177596508  177648184      1       1  74046       2.4986     0.006234
91522        5  177654617  178052573      1       1  74046       2.6402     0.004143
9509         5  178527852  178807431      3       1  74046       2.5688    0.0051019
821          5  179090019  179168642      6       1  74046        3.588   0.00016663
646019       5  179095559  179142975      2       1  74046       3.4924   0.00023934
9794         5  179124833  179218035     26       1  74046       3.6837   0.00011493
4056         5  179184263  179233616     17       1  74046       3.7005   0.00010759
8878         5  179198388  179275078     17       2  74046        4.173    1.503e-05
11282        5  179214597  179268952      7       2  74046        4.764   9.4917e-07
51149        5  179253927  179320867      3       1  74046       4.2361   1.1372e-05
255426       5  179517795  179671130      1       1  74046       2.3704     0.008884
101927353    6     874946     921055      1       1  74046       1.6466      0.04982
2162         6    6134311    6355924      2       1  74046       4.0514   2.5458e-05
4739         6   11173531   11417581      2       1  74046       2.7229    0.0032352
221692       6   12681888   13300476     10       2  74046       3.1496   0.00081741
100130357    6   13269527   13332314     35       2  74046       3.3587   0.00039157
51256        6   13295183   13363787     30       2  74046       3.3544   0.00039774
54901        6   20499688   21242635      1       1  74046       2.9366     0.001659
1432         6   35960412   36089013      1       1  74046       1.1054       0.1345
222643       6   40984640   41041938      1       1  74046       2.5575    0.0052721
10930        6   40985940   41042630      1       1  74046       2.5575    0.0052721
4800         6   41005707   41080146      2       1  74046       2.5229    0.0058196
221443       6   41024526   41075207      2       1  74046       2.5229    0.0058196
340205       6   41106998   41157087      2       1  74046       3.7514   8.7918e-05
54209        6   41116244   41165924      4       1  74046       5.0566   2.1344e-07
79865        6   41147552   41203925      4       1  74046       5.0566   2.1344e-07
285852       6   41161062   41216120      1       1  74046       3.9861    3.359e-05
23607        6   47410482   47604999     41       3  74046       6.5278   3.3366e-11
222611       6   47589223   47675533     13       1  74046       5.5495   1.4322e-08
221393       6   47631289   47699757     11       1  74046       4.8857   5.1539e-07
653          6   55608451   55775388      1       1  74046       1.5211     0.064119
346007       6   64419876   66452118      2       1  74046       2.9516    0.0015804
577          6   69310210   70109403      1       1  74046       3.3148    0.0004585
1081         6   87785216   87839865      1       1  74046       3.0996   0.00096879
6492         6  100822891  100947805      1       1  74046       2.6578     0.003933
2898         6  101806584  102527958      2       1  74046       2.5641    0.0051722
389421       6  105349874  105541207      1       1  74046       3.6796    0.0001168
202          6  106773683  107028335      4       2  74046       4.2014   1.3264e-05
7101         6  108452215  108520013      1       1  74046       2.7453     0.003023
8724         6  108522712  108617478      1       1  74046        2.554     0.005324
246269       6  108581098  108856751      8       2  74046       2.8374    0.0022741
2309         6  108846026  109015972      2       1  74046       2.6893    0.0035803
9896         6  109977424  110156634      2       1  74046        4.009   3.0494e-05
222537       6  114366750  114698540      1       1  74046     -0.22343       0.5884
79632        6  119270992  119505552      1       1  74046       2.7158     0.003306
221322       6  121390627  121690646      1       1  74046        2.413     0.007911
154091       6  134298719  134408789      5       1  74046      0.99832      0.15906
58527        6  139314819  139374439      2       1  74046        2.967    0.0015037
9749         6  143894317  144162322      1       1  74046       3.2575    0.0005619
79747        6  146885136  147146598      1       1  74046       2.6932     0.003539
81706        6  150429188  150581528      1       1  74046       2.7755     0.002756
80129        6  151780175  151952328      2       1  74046       2.5112    0.0060166
23345        6  152432819  152993534      1       1  74046       1.9138      0.02782
26230        6  155281488  155588857      2       1  74046       3.0406    0.0011805
57492        6  157063980  157541913      1       1  74046      0.63137       0.2639
84947        6  158520536  158624312      1       1  74046       2.4827     0.006519
404672       6  158554379  158630376      1       1  74046       2.4827     0.006519
5071         6  161758590  163183834     26       1  74046       2.9279    0.0017062
64094        6  168806831  169078674      1       1  74046       2.6081     0.004552
84498        6  170580812  170726155      1       1  74046       1.6328      0.05126
28514        6  170581288  170634815      1       1  74046       1.6328      0.05126
7975         7    1535368    1592679      6       1  74046       3.4565   0.00027358
202915       7    1571871    1631066      7       1  74046       3.4384   0.00029261
9907         7    4780262    4844026      2       1  74046        2.948    0.0015993
55698        7    4828736    4958335      2       1  74046        2.948    0.0015993
60           7    5556779    5605232      1       1  74046       2.0775      0.01888
6624         7    5597436    5656287      5       2  74046       3.5813   0.00017094
729852       7    7645342    7928854      1       1  74046       3.3498    0.0004044
3382         7    8142814    8337242      2       1  74046       2.4126    0.0079197
54664        7   12215848   12286890      1       1  74046       2.3083      0.01049
9734         7   18091572   19049135      3       1  74046       2.8309     0.002321
8701         7   21547833   21951451      1       1  74046       1.0866       0.1386
55536        7   21930517   22020542      1       1  74046       1.0866       0.1386
9603         7   26156847   26236757     12       1  74046       3.4234   0.00030925
11335        7   26205831   26263227     22       1  74046       3.4154   0.00031841
3181         7   26219547   26275413     23       1  74046       3.4137   0.00032049
9586         7   28303940   28875511      1       1  74046       2.8635     0.002095
23080        7   32500101   32638327      3       1  74046       3.4446     0.000286
23658        7   32514945   32569870      2       1  74046       3.0124    0.0012961
11328        7   32962005   33056543      1       1  74046       2.3801    0.0086531
387129       7   34662897   34927944      2       1  74046       3.7879   7.5953e-05
9844         7   36882511   37523895      2       1  74046       3.7512   8.7987e-05
353345       7   37535212   37791888     26       4  74046       5.4982   1.9184e-08
51314        7   37852930   37950003     37       2  74046       4.8249   7.0054e-07
273          7   38413297   38706167      1       1  74046       3.1766   0.00074509
79783        7   40139575   40910366      1       1  74046       2.9661     0.001508
1956         7   55051678   55289262      1       1  74046       2.3825    0.0085971
730291       7   63632581   63690668      1       1  74046       2.3484    0.0094261
728927       7   63732815   63820017      5       1  74046       1.4001      0.08074
3092         7   75152619   75403290      1       1  74046       2.5202    0.0058639
5782         7   77131773   77279388      1       1  74046       3.2148    0.0006526
219578       7   88353753   88976346      6       2  74046        3.064     0.001092
22853        7   97701197   97848945      2       1  74046       3.1616   0.00078444
402569       7   98761197   98840089      2       1  74046       3.8527   5.8416e-05
563          7   99554350   99608735      2       1  74046       4.9705   3.3398e-07
7586         7   99578204   99652803      3       1  74046       5.0289    2.466e-07
7589         7   99612390   99672663      2       1  74046       4.8905   5.0279e-07
7551         7   99651470   99715171      3       1  74046       4.4944   3.4886e-06
10980        7   99651583   99699823      3       1  74046       4.4944   3.4886e-06
9179         7   99664130   99714803      3       1  74046       4.4944   3.4886e-06
4176         7   99680351   99734563      2       1  74046       4.0779   2.2726e-05
245812       7   99682265   99733131      2       1  74046       4.0779   2.2726e-05
255374       7   99689317   99736121      2       1  74046       4.0779   2.2726e-05
6878         7   99694693   99752481      1       1  74046       5.0175    2.618e-07
389541       7   99711530   99761833      1       1  74046       5.0175    2.618e-07
10734        7   99740186   99822010      8       1  74046        5.091   1.7807e-07
55262        7   99742043   99791338      4       1  74046       4.6204   1.9153e-06
79690        7   99746865   99801373      4       1  74046       4.6204   1.9153e-06
221914       7   99757229   99809990      5       1  74046       4.3296   7.4702e-06
79037        7   99781147   99829113      7       1  74046       4.0769   2.2816e-05
352954       7   99788276   99904855      6       1  74046       4.3877   5.7283e-06
29990        7   99920626   99975454      1       1  74046       5.8077    3.166e-09
29992        7   99936068  100007722      3       1  74046       6.3909    8.247e-11
55063        7   99988449  100062037      2       1  74046       5.2866   6.2314e-08
56257        7   99991321  100041749      1       1  74046        3.226    0.0006277
221908       7  100022900  100069468      1       1  74046        3.226    0.0006277
1523         7  101424184  101937250      2       1  74046       4.0403   2.6695e-05
9732         7  111356164  111881462      3       1  74046       3.9132   4.5543e-05
11179        7  111811643  111993989      1       1  74046        2.519     0.005884
64418        7  112395364  112465768      4       1  74046       2.2193     0.013232
154743       7  112449202  112614932     15       2  74046       2.3146     0.010316
858          7  116104655  116158595      6       1  74046       3.7368   9.3172e-05
857          7  116129839  116211239      9       1  74046       3.9929   3.2641e-05
83992        7  117340702  117548561      1       1  74046       3.8273   6.4769e-05
4289         7  130759855  131191398      1       1  74046       1.5492     0.060669
136332       7  133777105  133958933      3       1  74046       3.1503   0.00081544
231          7  134117107  134178888      1       1  74046       2.7439     0.003036
57016        7  134177344  134236166      1       1  74046       1.4977       0.0671
441282       7  134198849  134274615      1       1  74046       1.4977       0.0671
9715         7  143040493  143114397      9       2  74046       6.4905   4.2777e-11
7791         7  143043338  143098204      3       1  74046       5.4773   2.1595e-08
100507507    7  143066248  143113295      9       2  74046       6.4905   4.2777e-11
2041         7  143078205  143140985     23       5  74046       7.7038   6.6058e-15
338398       7  143105546  143151502     17       3  74046       6.8015   5.1754e-12
259287       7  143139966  143185889      4       1  74046       4.5634   2.5164e-06
8454         7  148360631  148508202      2       1  74046       1.8689     0.030815
2146         7  148494464  148616441      2       1  74046       1.8689     0.030815
10049        7  157094692  157220133      2       1  74046       1.7012     0.044454
2055         8    1668944    1744736      2       1  74046       2.9382    0.0016507
9172         8    1958082    2103380      1       1  74046       2.4533     0.007077
64478        8    2782875    4887328     38       6  74046       4.8264   6.9514e-07
54984        8   10612473   10732394      7       2  74046       4.1647   1.5585e-05
137868       8   13937373   15130792      1       1  74046       2.0149      0.02196
148          8   26595667   26762003      2       1  74046      0.66817      0.25201
23087        8   27132404   27203834      2       1  74046       5.1863   1.0724e-07
2185         8   27133999   27326908     41       6  74046        5.891   1.9188e-09
1135         8   27307278   27371813     11       3  74046       6.2547   1.9917e-10
2053         8   27313519   27412439     16       4  74046       6.6006   2.0476e-11
1191         8   27444434   27507328     17       5  74046       8.2095   1.1102e-16
51435        8   27456100   27544286     14       4  74046       7.7787   3.6637e-15
55246        8   27580833   27665170      2       1  74046       4.0384   2.6914e-05
157570       8   27597057   27680141      2       1  74046       4.0384   2.6914e-05
55872        8   27657138   27730612      2       1  74046       3.9081   4.6517e-05
79618        8   28712911   28932456      2       1  74046       2.0318     0.021089
23303        8   28914795   29155610      1       1  74046       2.1125      0.01732
3084         8   31461820   32632558      4       1  74046       3.1781   0.00074117
6224         8   56970739   57022140      1       1  74046       2.8438     0.002229
157807       8   62165514   62424204      1       1  74046       2.9513     0.001582
85479        8   66898791   67022755      1       1  74046       3.6115    0.0001522
23471        8   71475453   71555694     17       1  74046       2.4075    0.0080313
51110        8   71539501   71616447      9       1  74046       2.3011     0.010694
389668       8   71546600   71658177     11       1  74046       2.3229     0.010091
9312         8   73414626   73860584      1       1  74046     -0.47638       0.6831
79776        8   77558515   77789521      2       1  74046       3.1229   0.00089527
64168        8   91768921   91981630      8       1  74046       1.8825     0.029882
100127983    8   91960706   92032485      2       1  74046       1.9963     0.022951
286144       8   93885758   94013372      1       1  74046        2.367     0.008966
1015         8   95129394   95264531      1       1  74046       0.2443       0.4035
94241        8   95928200   95996615     11       1  74046       5.5184   1.7102e-08
137682       8   96002209   96125685      1       1  74046        4.221    1.216e-05
6383         8   97470579   97634037      2       1  74046       4.2298   1.1695e-05
10404        8   97622455   98165731      4       1  74046       3.1485   0.00082045
6788         8   99456859   99989799      6       1  74046       3.1577   0.00079504
157680       8   99990299  100900447      5       1  74046         2.53    0.0057033
169166       8  101575110  101696893      1       1  74046        2.568     0.005114
284          8  108251710  108545254      1       1  74046       3.1781   0.00074121
169026       8  117927512  118198953      1       1  74046       1.5074      0.06586
23639        8  133574201  133722863      1       1  74046       2.7365     0.003105
137835       8  133712191  133807914      1       1  74046       3.5355    0.0002035
51105        8  133752604  133871052      1       1  74046       3.5355    0.0002035
7038         8  133844149  134157146      1       1  74046       3.4075    0.0003278
6482         8  134457091  134619697      3       1  74046       2.3651    0.0090122
203062       8  143283441  143519543      2       1  74046        1.937     0.026371
81704        9     179865     475259      1       1  74046        3.267    0.0005434
169792       9    3814128    4335036      3       1  74046       3.1241   0.00089189
5789         9    8304246   10647723      1       1  74046       2.3845    0.0085511
340485       9   19373925   19462618      1       1  74046       2.4341     0.007464
54914        9   20623309   21005954      1       1  74046       2.8411     0.002248
3448         9   21229201   21274978      3       1  74046       4.2917   8.8648e-06
3445         9   21374146   21420184      1       1  74046       3.7543     8.69e-05
3440         9   21374254   21420396      1       1  74046       3.7543     8.69e-05
3439         9   21405453   21451315      1       1  74046       3.7543     8.69e-05
4507         9   21767635   21951040      1       1  74046       2.2286      0.01292
100506422    9   26031673   26128406      2       1  74046       2.7797    0.0027201
7010         9   27074147   27240172      1       1  74046       2.2402      0.01254
158038       9   27938084   29247998      1       1  74046      0.30784       0.3791
8434         9   36001910   36134452      1       1  74046       2.2046      0.01374
152007       9   36101730   36173910      1       1  74046       2.2046      0.01374
5125         9   78470560   78987255      6       2  74046       2.8235    0.0023754
7091         9   82151878   82351658     24       1  74046        2.405    0.0080858
6850         9   93529012   93670842      1       1  74046       3.5088    0.0002251
549          9   93966097   94159215      8       1  74046       1.9776     0.023986
5253         9   96303909   96451869      2       1  74046       2.5057    0.0061113
5727         9   98195264   98314247      1       1  74046       2.9578     0.001549
55357        9  100951280  101053003      2       1  74046       2.7822    0.0026992
19           9  107533283  107725527      2       1  74046       3.4213   0.00031165
1902         9  113625542  113836523      2       1  74046       1.4592     0.072257
1318         9  115878238  115936422      1       1  74046       2.0111      0.02216
23307        9  115917800  116018641      1       1  74046       1.7211      0.04262
1317         9  115948808  116036772      1       1  74046       1.7211      0.04262
9128         9  116002914  116066079      1       1  74046       1.7211      0.04262
114987       9  116065502  116137620      1       1  74046       1.8703      0.03072
54836        9  116076812  116143513      1       1  74046       1.8703      0.03072
25861        9  117154360  117302789      1       1  74046       2.4254    0.0076459
79109        9  128189673  128504513      1       1  74046      0.68618       0.2463
89853        9  129054123  129279320      6       1  74046         3.04    0.0011827
83549        9  134389183  134441662      1       1  74046      0.17485       0.4306
9328         9  135871062  135943890      5       1  74046       3.5408   0.00019942
1056         9  135901741  135957250      5       1  74046       3.5408   0.00019942
90120        9  138996427  139045731      2       1  74046       3.2836   0.00051251
83592       10    4833369    4900254      1       1  74046        2.884     0.001963
3601        10    5984334    6055150      1       1  74046       1.6603      0.04843
3559        10    6042657    6139333      1       1  74046       1.6603      0.04843
5209        10    6151843    6287508      1       1  74046        3.798   7.2941e-05
9712        10   11492509   11688679      1       1  74046       3.5291    0.0002085
83643       10   12928625   13176762      2       1  74046       2.5602    0.0052313
5305        10   22813766   23038503      5       1  74046       2.9327    0.0016803
219681      10   23181954   23337452     12       1  74046       2.3409     0.009619
56243       10   23948675   24846772      1       1  74046       2.4059     0.008066
51322       10   28786355   28922041      7       1  74046       2.6998     0.003469
25805       10   28931424   28981868      2       1  74046       2.1363     0.016329
219771      10   35500953   35870848      2       1  74046       3.0347    0.0012038
219770      10   35859338   35907863      1       1  74046       2.9612     0.001532
9790        10   43242954   43340385      1       1  74046       3.3657    0.0003818
7580        10   44129307   44179326      1       1  74046       2.9659     0.001509
65217       10   55552531   56596051      1       1  74046       2.8186     0.002412
253430      10   59941278   60062694      9       1  74046       3.1821   0.00073101
55847       10   59993862   60060752      4       1  74046       2.9448    0.0016156
7321        10   60059739   60140513      1       1  74046       2.7011     0.003456
288         10   61776056   62528284      3       1  74046       3.7015   0.00010714
983         10   62503089   62564610      4       1  74046       3.8423    6.094e-05
140766      10   72397559   72532197      8       2  74046       2.8819    0.0019764
219793      10   72520995   72580157      2       1  74046        3.544   0.00019706
132         10   75875943   76479061      3       1  74046        3.388   0.00035197
83938       10   77156217   78327133      3       1  74046       2.3036     0.010623
57178       10   80793751   81086285      2       1  74046       2.3454     0.009503
6441        10   81687496   81743861      1       1  74046       3.5697    0.0001787
387694      10   82262658   82416316     13       3  74046       2.3174      0.01024
5728        10   89588195   89738532      1       1  74046       0.9284       0.1766
643418      10   90484786   90548648      3       1  74046       3.3604   0.00038913
340654      10   90527487   90590315      4       1  74046       3.3505   0.00040331
93377       10   98092973   98154092      4       1  74046       2.8792    0.0019934
7093        10   98114363   98308683      4       1  74046       2.8792    0.0019934
9644        10  105343784  105650195      2       1  74046       2.8691    0.0020582
118663      10  123995811  124107676      2       1  74046       2.5394    0.0055514
59338       10  124099094  124201871      7       2  74046       3.0883    0.0010065
387715      10  124179179  124226868      1       1  74046       2.2818      0.01125
4255        10  131230454  131575783      1       1  74046       3.2511    0.0005748
256536      10  132880655  133144984      6       2  74046       3.1423   0.00083803
55367       11     789179     844872      1       1  74046       3.3016    0.0004806
283229      11     791144     841991      1       1  74046       3.3016    0.0004806
977         11     797952     848840      1       1  74046       3.3016    0.0004806
7106        11     807824     877116      1       1  74046       3.3016    0.0004806
5441        11     829721     877529      1       1  74046       3.3016    0.0004806
66005       11     857859     950058     28       3  74046       4.4753   3.8156e-06
161         11     890809    1022245     47       2  74046       4.3264   7.5791e-06
85363       11    5666740    5741339      1       1  74046       3.5192    0.0002164
10346       11    5675817    5742093      1       1  74046       3.5192    0.0002164
7465        11    9560197    9625016      2       1  74046       3.0315    0.0012167
374378      11   11282421   11678561      1       1  74046       2.5462     0.005445
7003        11   12660969   12976284     13       1  74046       3.4861   0.00024505
55553       11   15977995   16532935      2       1  74046       1.9715     0.024332
89797       11   19337271   20153147      1       1  74046       1.0754       0.1411
3739        11   30021288   30073577      1       1  74046      0.80816       0.2095
2001        11   34490342   34570347      1       1  74046       2.3982    0.0082389
90139       11   44713731   44963978      3       1  74046       2.5866    0.0048467
55343       11   45790623   45844568      3       1  74046       3.6712   0.00012069
1408        11   45833669   45914799     11       1  74046       3.4744   0.00025601
9479        11   45872047   45938016      2       1  74046       3.2028    0.0006806
9776        11   46603826   46707569      1       1  74046       4.0098    3.038e-05
79797       11   46687317   46737466      1       1  74046       4.0098    3.038e-05
392         11   46688625   46757215      1       1  74046       4.0098    3.038e-05
79096       11   46923240   47195932      2       1  74046       3.3451   0.00041133
1643        11   47201493   47270769      1       1  74046       4.7957   8.1061e-07
10062       11   47234851   47300584      5       2  74046       5.3991   3.3481e-08
53          11   47250853   47305457      7       2  74046       5.6112   1.0045e-08
8567        11   47255927   47361582     15       2  74046        5.123   1.5038e-07
4607        11   47342957   47409253     14       3  74046       5.6635   7.4145e-09
6688        11   47366409   47435127     17       2  74046       5.4223   2.9423e-08
91252       11   47393683   47448051     15       2  74046       5.5004   1.8951e-08
5702        11   47430320   47483024      7       2  74046       5.7029     5.89e-09
5913        11   47449308   47505730      8       2  74046       5.5823   1.1869e-08
10658       11   47477489   47609792     15       3  74046       5.8634   2.2677e-09
114971      11   47551888   47605013      9       2  74046       5.8175    2.986e-09
4722        11   47565562   47616115      7       2  74046        5.343   4.5713e-08
399888      11   47573230   47620746      5       2  74046       5.2771    6.562e-08
55709       11   47583749   47635567      5       2  74046        5.629   9.0626e-09
114900      11   47601216   47650961      5       2  74046       5.3292   4.9325e-08
23788       11   47628858   47699206     11       2  74046       5.0625   2.0686e-07
79841       11   47671143   47771928     14       2  74046        4.487   3.6119e-06
23360       11   47728055   47824012     15       3  74046         4.52   3.0925e-06
23279       11   47789670   47905057     27       2  74046       4.4563   4.1692e-06
5795        11   47967101   48202394      1       1  74046       3.5205    0.0002154
6809        11   59487479   59583355      3       1  74046       2.8371    0.0022765
54948       11   59563608   59613345      1       1  74046       2.7902     0.002634
932         11   59789101   59848588      8       1  74046       5.1379   1.3891e-07
2206        11   59820734   59875940     17       2  74046       7.1137   5.6505e-13
64231       11   59929080   59987139     27       2  74046       7.3804   7.8881e-14
643680      11   59958726   60045575     33       3  74046       7.3761    8.149e-14
51338       11   60013014   60086445     18       4  74046       7.0825   7.0771e-13
245802      11   60067355   60118441     29       2  74046       5.1529   1.2828e-07
5866        11   61654706   61748747      1       1  74046       2.0889      0.01836
7439        11   61682356   61741935      1       1  74046       2.0889      0.01836
2011        11   63571400   63688492      8       1  74046       2.9793    0.0014445
283248      11   63668693   63719407      3       1  74046       2.8937    0.0019035
79829       11   63671442   63734799      2       1  74046       2.8225    0.0023823
116535      11   68761862   68815850      4       1  74046       2.2637     0.011796
219931      11   68781350   68868072      4       1  74046       2.2637     0.011796
8500        11   70081806   70240607      1       1  74046        3.321    0.0004484
22941       11   70303961   70970808      5       1  74046       3.3264   0.00043982
81570       11   71993469   72180724      1       1  74046      0.72704       0.2336
374407      11   73626364   73691713      1       1  74046       1.6956      0.04498
1740        11   83156055   85373314      5       1  74046       3.3307    0.0004331
54843       11   85395264   85557197      4       1  74046       4.1457   1.6939e-05
220047      11   85531144   85641064      6       2  74046       5.6181    9.656e-09
8301        11   85658214   85815923     53       6  74046       6.1094        5e-10
143689      11   94244876   94364587      1       1  74046       2.5496     0.005393
53942       11   98856706  100239616     29       2  74046       3.5258   0.00021108
143884      11  107187071  107363572      2       1  74046       3.2714     0.000535
54733       11  107651717  107764914      1       1  74046       2.2808      0.01128
23705       11  115029933  115410241      1       1  74046       2.7322     0.003146
84811       11  116608886  116678714      1       1  74046       2.7098     0.003366
8882        11  116639276  116693739      1       1  74046       2.7098     0.003366
116519      11  116650086  116698136      1       1  74046       2.7098     0.003366
345         11  116665624  116713787      1       1  74046       2.7098     0.003366
283149      11  118756849  118831327      1       1  74046       2.6969     0.003499
6653        11  121287912  121514471     29       5  74046       7.3928   7.1887e-14
399979      11  130735766  130821382     18       2  74046       2.9263     0.001715
50863       11  131205371  132216716      3       1  74046       3.1707   0.00076043
81029       12    1648823    1766379      1       1  74046        2.606      0.00458
144699      12    1665159    1738331      1       1  74046        2.606      0.00458
775         12    2044952    2817115      4       1  74046       2.3098     0.010451
716         12    7132819    7188336      7       1  74046       4.2395   1.1203e-05
51279       12    7236000    7296869      2       1  74046       3.3026   0.00047889
9746        12    7246681    7321541      2       1  74046       3.3026   0.00047889
339         12    7791996    7858195      1       1  74046       2.7037     0.003429
359787      12    7829089    7880155      1       1  74046       2.7037     0.003429
9573        12    7832381    7883360      1       1  74046       2.7037     0.003429
55110       12   10746364   10801208      5       1  74046        3.452    0.0002782
55359       12   10761538   10861917      2       1  74046       3.0088    0.0013114
55766       12   14892270   14940936      1       1  74046        2.678     0.003703
5288        12   18360912   18811352      1       1  74046        2.979     0.001446
10599       12   21249128   21402730      1       1  74046       1.4124     0.078921
121512      12   32517518   32808984      1       1  74046       2.7957     0.002589
5318        12   32933680   33084780      1       1  74046      0.44544        0.328
80070       12   43738012   43980724      7       2  74046       5.2554   7.3856e-08
54934       12   49036994   49111035      9       1  74046       3.6488   0.00013171
904         12   49072241   49145781      4       1  74046       3.7705   8.1457e-05
51350       12   53151939   53206129      1       1  74046       2.8889     0.001933
3850        12   53173469   53224892      1       1  74046       2.8889     0.001933
3851        12   53190327   53242900      1       1  74046       2.8889     0.001933
6667        12   53738979   53820230      1       1  74046       3.5447    0.0001965
269         12   53782594   53835439      1       1  74046       3.5447    0.0001965
54458       12   53800433   53850427      1       1  74046       3.5447    0.0001965
5094        12   53810886   53884946      1       1  74046       3.5447    0.0001965
23583       12   54564142   54617778      2       1  74046       2.2716     0.011555
23468       12   54614730   54708915      1       1  74046       1.8879      0.02952
118430      12   55213299   55262177      1       1  74046       1.9176      0.02758
390326      12   55785038   55830976      1       1  74046       3.9614    3.725e-05
6472        12   57588356   57638718      1       1  74046       2.6559     0.003955
56901       12   57618686   57669545      1       1  74046       2.6559     0.003955
246329      12   57627241   57679971      1       1  74046       2.6559     0.003955
22864       12   57637547   57859782      2       1  74046        3.738   9.2757e-05
9958        12   62619121   62813501      1       1  74046       2.9989     0.001355
23041       12   62825597   63001363      1       1  74046       2.4309     0.007531
1368        12   69234955   69392020      4       1  74046       4.0667   2.3846e-05
196446      12   70239016   70362502      1       1  74046       1.6015      0.05463
8549        12   71797931   71990090      2       1  74046       2.7468    0.0030092
6857        12   79222773   79855788      4       1  74046       2.2804     0.011291
8499        12   81642045   82188109      1       1  74046       3.4322    0.0002993
282809      12   89803495   89955039      3       1  74046       2.1887     0.014308
84101       12   95900336   95980278      1       1  74046       2.2705      0.01159
6636        12   96217709   96270238      1       1  74046       2.5304     0.005696
55188       12  107133077  107293094      1       1  74046        3.123   0.00089499
283450      12  112587992  112855113      5       1  74046       3.5105   0.00022361
4938        12  113309739  113367712     14       1  74046       3.3189   0.00045179
4940        12  113341249  113421056     20       1  74046        3.348   0.00040694
4939        12  113381274  113459528      3       1  74046       3.5451   0.00019621
1840        12  113459514  113545833      4       2  74046       4.2949   8.7403e-06
5985        12  118419506  118480044      1       1  74046        2.234      0.01274
54509       12  122205660  122266594      1       1  74046       2.6179     0.004423
23067       12  122206879  122280562      1       1  74046       2.6179     0.004423
949         12  125252174  125383519      1       1  74046       1.0377       0.1497
92293       12  128716948  129202460      1       1  74046       2.5344     0.005632
121256      12  129546271  130423212      1       1  74046       2.5156     0.005942
221143      13   21292036   21383095      1       1  74046       2.9578     0.001549
64328       13   21341468   21511913      1       1  74046       2.9578     0.001549
10284       13   21679653   21733224      2       1  74046       3.0818    0.0010288
29079       13   48639864   48704277      2       1  74046       3.3875   0.00035264
341676      13   52628898   52738214      1       1  74046       2.7074     0.003391
4752        13   52696779   52768996      6       1  74046        2.745    0.0030255
55901       13   52924506   53015629      3       1  74046       3.3413   0.00041686
51028       13   52976737   53059798      6       1  74046       2.8515    0.0021758
26586       13   52994495   53060763      5       1  74046       2.8284     0.002339
144983      13   53138750   53227931      2       1  74046       3.4101   0.00032473
5101        13   66866966   67839468      1       1  74046       2.1179      0.01709
1602        13   72002098   72476330      1       1  74046         3.15    0.0008163
115207      13   77444304   77495540      8       1  74046       1.9055     0.028359
730249      13   77487694   77542777      9       1  74046       1.5266     0.063435
1638        13   95081835   95166936      1       1  74046       3.1047   0.00095249
728215      13  107810879  108554460     25       1  74046       2.4153    0.0078601
23026       13  109213500  109870355      8       1  74046       3.9108   4.6005e-05
8874        13  111732624  111968081      2       1  74046       3.8448   6.0322e-05
23263       13  113513692  113764053      3       1  74046       3.8879   5.0559e-05
6036        14   21388630   21434594      1       1  74046      0.39181       0.3476
6955        14   22055057   23031075      1       1  74046       3.0564      0.00112
6964        14   22856537   22945569      1       1  74046       3.0564      0.00112
5587        14   30035685   30431899      2       1  74046       3.2916   0.00049815
9472        14   32763479   33312268      1       1  74046       2.6031     0.004619
11177       14   35211937   35379853      8       2  74046       3.0265    0.0012372
8814        14   50786122   50918179      1       1  74046       2.6069     0.004568
11183       14   50875211   51034376      1       1  74046       2.6069     0.004568
122786      14   51920819   52207445      3       1  74046       3.0154    0.0012833
30001       14   53098605   53197419      4       1  74046       4.0134   2.9924e-05
5706        14   53138894   53204716      5       1  74046       3.9409   4.0582e-05
6815        14   53161883   53251707     10       1  74046       3.9133   4.5526e-05
64841       14   53231911   53293386      8       1  74046       4.0296   2.7939e-05
10979       14   53313989   53452856     14       2  74046        5.486   2.0551e-08
80821       14   53493458   53655046      1       1  74046       3.2788    0.0005213
145407      14   58460808   58653847      2       1  74046       2.4199    0.0077616
6252        14   60052694   60372557      2       1  74046       3.5784   0.00017288
5583        14   61753515   62027698      1       1  74046       2.7059     0.003406
122876      14   63769549   63820593      3       1  74046       2.0182     0.021784
64093       14   70311105   70509083      1       1  74046       2.6857     0.003619
9628        14   72363817   73043238      1       1  74046       2.3226       0.0101
4053        14   74954886   75114034      8       2  74046        4.599    2.123e-06
9870        14   75117955   75214807     21       2  74046       3.5287   0.00020881
51077       14   75144817   75215323     18       1  74046       3.4308   0.00030094
56252       14   75195025   75314013     10       2  74046       4.5958   2.1554e-06
283571      14   75309736   75365562     11       2  74046       3.8613   5.6395e-05
1743        14   75313594   75380450     17       2  74046       4.1832   1.4375e-05
83694       14   75360657   75424985     13       2  74046       4.5327   2.9111e-06
5228        14   75398533   75457467      1       1  74046       2.9971     0.001363
145497      14   77257725   77346656      1       1  74046       2.7921     0.002618
9369        14   78601716   80344633      1       1  74046       1.4993     0.066901
54207       14   88636452   88828256      6       1  74046       3.4842    0.0002468
55812       14   88816982   88914804     13       1  74046       3.1551   0.00080235
11099       14   88922122   89056123     27       2  74046        3.067    0.0010811
79882       14   88994253   89089853      4       1  74046       3.3428   0.00041475
161436      14   89069241   89294096     11       1  74046       3.0111    0.0013013
123016      14   89255574   89354335      4       1  74046       3.2218   0.00063694
79820       14   92036728   92233413      1       1  74046       3.4565    0.0002736
123036      14   92236266   92368880      5       1  74046       3.8159   6.7837e-05
123041      14   92753925   92977825     14       3  74046       6.0559   6.9806e-10
9950        14   93225576   93316308      1       1  74046       2.9054     0.001834
123096      14  100735514  100807884      1       1  74046       1.4002      0.08072
283600      14  100754679  100806715      1       1  74046       1.4002      0.08072
3492        14  106022614  107323051      7       1  74046       4.6762    1.461e-06
6447        15   32898757   32999299      1       1  74046       3.5812     0.000171
56851       15   34366223   34429053      4       1  74046        3.356   0.00039535
79768       15   34422875   34537297      2       1  74046       3.3686   0.00037775
400359      15   38953799   39002239      1       1  74046        2.782     0.002701
161835      15   39876422   40110039      2       1  74046       3.3424   0.00041521
11245       15   40081223   40248093      4       1  74046       3.4558   0.00027437
440275      15   40191331   40337797      1       1  74046       3.1029   0.00095821
23269       15   41878432   42072141      1       1  74046       2.8713     0.002044
9728        15   49270835   49373760      1       1  74046       1.8029       0.0357
9318        15   49407471   49482854      2       1  74046       2.7888    0.0026448
2585        15   49412974   49669955      7       1  74046       2.4551    0.0070417
196951      15   49608822   49948128     29       1  74046       2.3894     0.008439
2252        15   49680375   49789523     11       1  74046       2.3788    0.0086834
56986       15   49878226   49947333      8       1  74046       2.3542    0.0092803
79895       15   50140435   50446419      3       1  74046       3.3923   0.00034651
9101        15   50681579   50803280      2       1  74046       4.7681   9.2988e-07
373509      15   50782759   50873902      8       1  74046       4.6662   1.5339e-06
54822       15   50839351   51014012     12       1  74046       4.5057   3.3082e-06
84888       15   50989730   51092910     18       2  74046       5.0731   1.9565e-07
56204       15   52863518   53006569      1       1  74046        1.976      0.02408
440279      15   54235557   54930806      4       2  74046       4.2788   9.3947e-06
101928635   15   58495734   58577179      2       1  74046        3.632    0.0001406
3990        15   58667953   58871073      1       1  74046       3.7651    8.324e-05
102         15   58877403   59077177      2       1  74046       4.1758   1.4849e-05
6095        15   60770483   61556502      9       3  74046        4.097   2.0928e-05
23604       15   64189235   64398614      5       1  74046       3.4238   0.00030878
6642        15   64351275   64446433      6       1  74046       4.1857   1.4212e-05
84191       15   64354761   64421207      4       1  74046       4.0155   2.9654e-05
79856       15   64408899   64459680      3       1  74046        3.845   6.0284e-05
5479        15   64438014   64490354      4       1  74046       3.0042    0.0013316
53944       15   64447716   64700968     32       1  74046       3.0882    0.0010068
9325        15   64645003   64757502      4       1  74046       4.3919   5.6177e-06
9768        15   64647193   64714914      2       1  74046       2.7088    0.0033759
23060       15   64756619   64988267      3       1  74046       4.1726   1.5055e-05
4947        15   64969773   65030462      1       1  74046       4.1019    2.049e-05
8483        15   65478337   65538840      1       1  74046       2.2417      0.01249
123688      15   78764906   78839715      1       1  74046       3.1847    0.0007244
5685        15   78797747   78851562      1       1  74046       3.1847    0.0007244
1138        15   78822862   78897611      1       1  74046       3.1847    0.0007244
23423       15   79568404   79685802      1       1  74046       2.0255      0.02141
79631       15   82412561   82590104     16       2  74046       3.2619   0.00055332
283726      15   82520152   82587271     11       1  74046       2.4092    0.0079945
57188       15   84287838   84718594      7       1  74046       3.4707   0.00025951
11214       15   85888818   86302589      1       1  74046       2.1031      0.01773
123624      15   86588137   87582283      1       1  74046       1.6485      0.04963
176         15   89311674   89428585      2       1  74046       3.8556   5.7719e-05
374655      15   90509197   90635432      8       2  74046       3.1503   0.00081544
3418        15   90616283   90680730      2       1  74046       2.9248    0.0017233
64784       15   91038118   91198577      7       1  74046       2.5648     0.005162
56963       15   93576636   93667443      1       1  74046       3.1724   0.00075581
283777      15   98970391   99092611      2       1  74046       3.2975   0.00048782
55180       15  101099428  101177445      2       1  74046       2.0486     0.020251
140460      15  101107755  101201906      2       1  74046       2.0486     0.020251
9727        16     440649     582485      3       1  74046       2.5867    0.0048455
54715       16    5254469    7773342      2       1  74046       2.2551     0.012065
23274       16   11003345   11286046     36       5  74046       4.7652   9.4327e-07
28955       16   11012748   11071257      8       3  74046       4.4821   3.6957e-06
55313       16   12743656   12932744      1       1  74046       1.8476      0.03233
57020       16   19531737   19722485      1       1  74046       4.1929    1.377e-05
124152      16   19692778   19879087     10       2  74046       4.6073   2.0399e-06
400506      16   19707673   19764726      3       1  74046       4.4062   5.2604e-06
51704       16   19860293   19932049      9       2  74046       4.1793   1.4623e-05
55567       16   20934476   21205762      6       1  74046       3.6093   0.00015354
146183      16   21654835   21782050      1       1  74046      0.28871       0.3864
730094      16   21984456   22105975      1       1  74046       2.9008     0.001861
146177      16   21984462   22178287      1       1  74046       2.9008     0.001861
5579        16   23812300   24241932      1       1  74046       2.9296     0.001697
112869      16   28530249   28613111      1       1  74046        3.312    0.0004632
6799        16   28593264   28646058      1       1  74046        3.312    0.0004632
3835        16   29766383   29826706      1       1  74046       1.2951     0.097641
4150        16   29782417   29832504      1       1  74046       1.2951     0.097641
112476      16   29788409   29837202      1       1  74046       1.2951     0.097641
79447       16   29792528   29843816      1       1  74046       1.2951     0.097641
9961        16   29796715   29869360      1       1  74046       1.2951     0.097641
10295       16   31084615   31134112      1       1  74046       3.2849   0.00051011
339105      16   31084745   31135289      1       1  74046       3.2849   0.00051011
79001       16   31092175   31141699      1       1  74046       3.2849   0.00051011
84148       16   31093985   31152714      1       1  74046       3.2849   0.00051011
81533       16   47178302   47530018      1       1  74046       2.4027     0.008138
5257        16   47460047   47745434      3       1  74046       2.4725    0.0067087
79068       16   53702875   54158379      2       1  74046       3.2912   0.00049887
6530        16   55654542   55750104      1       1  74046       1.2613       0.1036
3801        16   57782129   57931957      4       1  74046       2.7851    0.0026759
1258        16   57906244   58040020      4       1  74046       2.7851    0.0026759
10725       16   69564869   69748569      1       1  74046       2.5518     0.005359
1728        16   69733304   69795849      1       1  74046       3.0364     0.001197
11060       16   69761187   69985644      1       1  74046       3.0364     0.001197
28987       16   69765757   69823871      1       1  74046       3.0364     0.001197
146433      16   70578798   70704585      2       1  74046       4.0368   2.7089e-05
92154       16   70685107   70754954     13       2  74046        4.678   1.4482e-06
55697       16   70711342   70870074     13       3  74046       4.7777   8.8671e-07
55783       16   71305292   71358509      1       1  74046       1.5994     0.054861
51741       16   78098310   79256567     10       1  74046       2.2573     0.011996
80790       16   81443775   81755367      2       1  74046       2.1628      0.01528
5336        16   81777899   82006290      2       1  74046       4.5699   2.4399e-06
9100        16   84698555   84823528      8       1  74046        3.138   0.00085066
29123       16   89324029   89591969      1       1  74046       3.4732    0.0002571
5306        17    1411283    1501110      1       1  74046       3.5127    0.0002218
124935      17    1467678    1567130      1       1  74046       3.5127    0.0002218
101928991   17    2617204    2686794      1       1  74046       3.0632     0.001095
23108       17    2624050    2951035      1       1  74046       3.0632     0.001095
5338        17    4675396    4736727      1       1  74046       3.4746    0.0002558
50488       17    4701635    4811356     23       1  74046       4.3674   6.2864e-06
100130311   17    4767948    4816227     15       1  74046       4.4228   4.8716e-06
1145        17    4791064    4841369     12       1  74046       4.3301   7.4517e-06
2811        17    4800312    4848325     12       1  74046       4.3301   7.4517e-06
26001       17    4808328    4858517      7       1  74046       4.2762   9.5043e-06
2027        17    4818404    4870426      4       1  74046       4.2536   1.0519e-05
8402        17    4830425    4878462      1       1  74046       4.2421    1.107e-05
55065       17    4925711    4990304      2       1  74046       4.0902   2.1549e-05
124961      17    4946754    5009669      2       1  74046       4.0902   2.1549e-05
9098        17    4996687    5088327      9       1  74046       3.9905   3.2973e-05
7775        17    4999029    5061411      8       1  74046        3.956   3.8104e-05
84622       17    5072830    5130178      4       1  74046       4.6944   1.3367e-06
388325      17    5102215    5173997      5       1  74046       4.8527   6.0892e-07
9135        17    5150558    5299132     30       2  74046       4.5453   2.7424e-06
4927        17    5279346    5358400      6       1  74046       3.3126   0.00046209
84268       17    5287961    5346340      6       1  74046       3.3126   0.00046209
9340        17    9694152    9804269      1       1  74046       3.6604    0.0001259
8522        17    9803926   10136868      3       1  74046       1.8538     0.031881
9912        17   12657829   12904960      3       1  74046       3.7248   9.7753e-05
284040      17   15329332   15405925      6       2  74046       2.3375     0.009707
100533496   17   15329332   15501945      6       2  74046       2.3375     0.009707
201158      17   15395578   15501945      2       1  74046       2.3826    0.0085963
642         17   28565213   28654184      1       1  74046       1.0156       0.1549
40          17   31330105   32518825      4       1  74046       2.5263    0.0057641
124842      17   32872768   32976337      1       1  74046       3.2246    0.0006307
9862        17   38165350   38245889      2       1  74046        2.885    0.0019569
7067        17   38183446   38260120      2       1  74046        2.885    0.0019569
9884        17   44281744   44425160      3       1  74046       3.1499   0.00081665
100506084   17   44341550   44474416      3       1  74046       3.1499   0.00081665
3690        17   45296208   45400077      6       2  74046       2.9329    0.0016792
124989      17   45366327   45528678      3       1  74046       2.3742    0.0087938
3837        17   45691861   45772037      5       1  74046        2.238     0.012612
9755        17   45736441   45799429      3       1  74046       2.2924     0.010942
2793        17   47273596   47322936      1       1  74046       2.9074     0.001822
162466      17   47290728   47344009      4       1  74046       3.2887   0.00050323
22834       17   47356568   47474835      9       2  74046       3.7097   0.00010377
124540      17   55298931   55772050      2       1  74046       2.3602    0.0091314
9256        17   56368588   56441152      5       2  74046       5.1053   1.6517e-07
6827        17   56412536   56464599      4       2  74046        4.796   8.0947e-07
54894       17   56421037   56529931      2       1  74046       4.1538   1.6347e-05
26115       17   61008913   61515067      9       2  74046       4.9395   3.9165e-07
1534        17   61499665   61558724      8       1  74046       4.9474   3.7606e-07
1636        17   61519422   61585741      4       1  74046       5.0157   2.6427e-07
8787        17   63098456   63233821     12       1  74046       2.6607    0.0038993
5578        17   64263760   64816862      9       1  74046         3.37   0.00037578
283987      17   72936837   73003900      5       1  74046       3.3952   0.00034293
30850       17   72948727   73011895      7       1  74046       3.3936   0.00034491
3396        17   72973760   73027356     11       1  74046          3.6    0.0001591
23510       17   73008279   73071981     16       1  74046       3.6839   0.00011483
10476       17   73024955   73078074     12       1  74046       3.5758   0.00017457
9121        17   73048822   73112257      6       1  74046       3.4658   0.00026433
79637       17   73071047   73136360      1       1  74046       3.3484    0.0004064
8632        17   76409778   76608476      4       1  74046       3.7019   0.00010698
64772       17   77032565   77094685      5       1  74046       2.0241     0.021478
146713      17   77075427   77547230      2       1  74046       2.7443    0.0030324
91133       18    5944705    6449910      7       1  74046       3.1606   0.00078734
5797        18    7532314    8416859      3       1  74046       1.8816     0.029946
4158        18   13872043   13950535      1       1  74046       2.9688     0.001495
1829        18   29043027   29138814      1       1  74046       3.7067     0.000105
10982       18   32521892   32733434      1       1  74046       2.3219      0.01012
284266      18   43370545   43432521      1       1  74046       3.0482     0.001151
9811        18   46030427   46399588      1       1  74046       1.7402      0.04091
9388        18   47052069   47129278      2       1  74046       2.8891    0.0019316
9480        18   55067917   55168530      4       1  74046       2.7796    0.0027216
4677        18   55257888   55324177      3       1  74046       2.7584    0.0029046
100505549   18   55262534   55346508      3       1  74046       2.7584    0.0029046
5205        18   55303658   55505327      3       1  74046       2.7584    0.0029046
115701      18   56138479   56331189      1       1  74046       2.6146     0.004466
28513       18   64158320   64306375      1       1  74046       3.3106    0.0004655
79839       18   66347466   66766517      2       1  74046       3.7313   9.5243e-05
25914       18   67661040   67907962      1       1  74046      0.67606       0.2495
27164       18   76705275   76769770      3       1  74046       3.4155   0.00031838
1265        19     991274    1049064      8       3  74046        7.845   2.1649e-15
91304       19     999650    1056173      8       3  74046        7.845   2.1649e-15
10347       19    1005102    1075571     16       5  74046       7.7234   5.6621e-15
23526       19    1030922    1096627     15       5  74046       7.7731   3.8303e-15
2879        19    1068936    1116787      2       1  74046       6.1094        5e-10
5434        19    1076578    1130391      2       1  74046       6.1094        5e-10
58509       19    3600626    3661813      1       1  74046       3.3717    0.0003735
23396       19    3620179    3735484      1       1  74046       3.3717    0.0003735
5802        19    5195514    5375814      1       1  74046       2.1263      0.01674
9230        19    8420205    8479318      1       1  74046       2.4379     0.007386
51257       19    8443187    8513901      1       1  74046       2.4379     0.007386
4670        19    8474460    8564002      1       1  74046       2.4379     0.007386
147741      19    9567031    9644279      1       1  74046       2.6932     0.003538
79088       19    9628667    9684638      1       1  74046       2.3141      0.01033
126364      19   18491947   18543428      6       1  74046       4.4332   4.6425e-06
170463      19   18494679   18555372      9       1  74046       4.4611   4.0763e-06
51477       19   18535198   18584111     19       2  74046       4.4399   4.5006e-06
8178        19   18543473   18667937     34       2  74046       4.2901   8.9312e-06
23770       19   18632568   18689887      2       1  74046       3.2895   0.00050185
79036       19   18633572   18690197      2       1  74046       3.2895   0.00050185
9534        19   23979991   24322770      2       1  74046       3.2729   0.00053233
57616       19   31755851   31875190      1       1  74046       1.5074      0.06586
6261        19   38889340   39088204      1       1  74046       1.6899      0.04552
115727      19   38889695   38951945      1       1  74046       1.6899      0.04552
390928      19   39539945   39612129      6       1  74046       2.6403    0.0041415
10298       19   39581417   39680046      6       1  74046       2.6403    0.0041415
348303      19   39970753   40021326      1       1  74046       3.1154    0.0009185
6822        19   48363723   48424654      1       1  74046        2.406    0.0080649
945         19   51693335   51753274     10       3  74046       4.5572   2.5926e-06
284369      19   51719332   51782582     14       3  74046        4.058   2.4744e-05
51206       19   55515073   55584632      1       1  74046       2.1909      0.01423
112724      19   55545684   55615914      1       1  74046       2.1909      0.01423
54869       19   55552221   55609291      1       1  74046       2.1909      0.01423
126204      19   56393058   56478702      2       1  74046       3.5914   0.00016445
90485       19   57163729   57218151      1       1  74046        2.847     0.002207
27111       20    1280553    1344879      1       1  74046       3.2287    0.0006217
9962        20    4823002    5025939      2       1  74046       2.8995    0.0018691
24141       20    9460005    9521171      1       1  74046       1.3666      0.08588
631         20   17464550   17584865      1       1  74046        1.705       0.0441
6238        20   17584323   17697934      4       1  74046       3.0143     0.001288
140836      20   17639320   17726517      2       1  74046       3.0381    0.0011904
27131       20   17912244   17984490      2       1  74046       2.1717     0.014939
92667       20   17914534   17981765      2       1  74046       2.1717     0.014939
57419       20   19158290   19713541      1       1  74046      0.98709       0.1618
54453       20   19703254   19993103      1       1  74046      0.98709       0.1618
140880      20   23421041   23468482      1       1  74046       3.5777    0.0001733
10047       20   23436766   23486655      1       1  74046       3.5777    0.0001733
26051       20   37399348   37561667      1       1  74046       2.4002    0.0081929
11122       20   40691392   41853557      1       1  74046       2.7442     0.003033
23315       20   48394250   48518779      6       1  74046       3.5724   0.00017687
9825        20   48509928   48567080      1       1  74046       3.5146    0.0002202
55905       20   48517914   48580422      1       1  74046       3.5146    0.0002202
6615        20   48564513   48615423      3       1  74046       3.4051   0.00033072
55734       20   50690550   50843524      4       1  74046        2.806     0.002508
128553      20   51553946   52121869      3       1  74046       2.9388    0.0016472
8537        20   52550079   52722304      1       1  74046       3.3282     0.000437
1477        20   54932427   54989582      5       1  74046       5.0121   2.6913e-07
6790        20   54934445   55002351      5       1  74046       5.0121   2.6913e-07
57091       20   54952168   55044396     11       1  74046        5.337   4.7257e-08
51507       20   55008641   55103942      4       1  74046       5.3381   4.6969e-08
9510        21   28198606   28252728      3       1  74046       3.3241   0.00044347
11096       21   28280231   28374439      2       1  74046       2.8287    0.0023365
10215       21   34363216   34411504      1       1  74046       2.5237     0.005806
2078        21   39729183   40068704      1       1  74046       3.5293    0.0002083
150082      21   40767770   40852676      1       1  74046       3.6736    0.0001196
6450        21   40782797   40897433      1       1  74046       3.6736    0.0001196
7332        22   21868736   21988323     27       1  74046       3.1194   0.00090609
150221      22   21889955   21940750     11       1  74046       3.0898    0.0010016
164592      22   21952086   22001616      8       1  74046       3.0776    0.0010434
23753       22   21961542   22008588      6       1  74046       3.1583   0.00079341
150223      22   21972378   22034017      4       1  74046       3.1743   0.00075097
29799       22   22041825   22125071      1       1  74046       3.4281    0.0003039
5594        22   22103946   22256970      2       1  74046       3.1597   0.00078979
3535        22   22345474   23275085      8       2  74046       2.8134    0.0024508
23532       22   22880123   22936696      2       1  74046       1.8485     0.032263
84133       22   29244755   29463476      1       1  74046       2.5497     0.005391
4744        22   29841181   29897279      1       1  74046       2.6327     0.004235
3976        22   30626436   30677840      1       1  74046       2.8884     0.001936
5008        22   30648817   30697829      1       1  74046       2.8884     0.001936
2033        22   41453614   41586081      6       1  74046       4.1227    1.872e-05
83746       22   41566312   41637276      5       1  74046       4.1392   1.7428e-05
150356      22   41595861   41671935      4       1  74046       4.1388   1.7455e-05
55964       22   42337855   42404225      7       1  74046       3.6641   0.00012409
164684      22   42356607   42438935      8       1  74046        3.718   0.00010042
85352       22   44629545   44762470      1       1  74046       2.4424    0.0072941
112885      22   45267042   45440809      1       1  74046       3.0152     0.001284
9620        22   46746731   46968067      1       1  74046       2.0431      0.02052
23151       22   46938124   47088652      1       1  74046       2.0431      0.02052
