Welcome to MAGMA v1.10 (linux)
Using flags:
	--bfile /home/rstudio/.cache/R/MAGMA.Celltyping/g1000_eas/g1000_eas
	--pval /home/rstudio/.cache/R/MAGMA.Celltyping/ebi-a-GCST004901.tsv N=4084
	--genes-only
	--gene-annot /shared/bms20/projects/MAGMA_Files_Public/data/GWAS_sumstats/ebi-a-GCST004901/MAGMA_Files/ebi-a-GCST004901.tsv.gz.35UP.10DOWN/ebi-a-GCST004901.tsv.gz.35UP.10DOWN.genes.annot
	--out /shared/bms20/projects/MAGMA_Files_Public/data/GWAS_sumstats/ebi-a-GCST004901/MAGMA_Files/ebi-a-GCST004901.tsv.gz.35UP.10DOWN/ebi-a-GCST004901.tsv.gz.35UP.10DOWN

Start time is 04:02:34, Sunday 31 Jul 2022

Loading PLINK-format data...
Reading file /home/rstudio/.cache/R/MAGMA.Celltyping/g1000_eas/g1000_eas.fam... 504 individuals read
Reading file /home/rstudio/.cache/R/MAGMA.Celltyping/g1000_eas/g1000_eas.bim... 22263023 SNPs read
Preparing file /home/rstudio/.cache/R/MAGMA.Celltyping/g1000_eas/g1000_eas.bed... 

Reading SNP synonyms from file /home/rstudio/.cache/R/MAGMA.Celltyping/g1000_eas/g1000_eas.synonyms (auto-detected)
	read 5575859 mapped synonyms from file, mapping to 3594051 SNPs in the data
	WARNING: detected 119 synonymous SNP pairs in the data
	         skipped all synonym entries involved, synonymous SNPs are kept in analysis
	         writing list of detected synonyms in data to supplementary log file
Reading SNP p-values from file /home/rstudio/.cache/R/MAGMA.Celltyping/ebi-a-GCST004901.tsv... 
	detected 12 variables in file
	using variable: SNP (SNP id)
	using variable: P (p-value)
	read 620296 lines from file, containing valid SNP p-values for 616227 SNPs in data (99.34% of lines, 2.768% of SNPs in data)
Loading gene annotation from file /shared/bms20/projects/MAGMA_Files_Public/data/GWAS_sumstats/ebi-a-GCST004901/MAGMA_Files/ebi-a-GCST004901.tsv.gz.35UP.10DOWN/ebi-a-GCST004901.tsv.gz.35UP.10DOWN.genes.annot... 
	5141 gene definitions read from file
	found 5141 genes containing valid SNPs in genotype data


Starting gene analysis... 
	using model: SNPwise-mean
	writing gene analysis results to file /shared/bms20/projects/MAGMA_Files_Public/data/GWAS_sumstats/ebi-a-GCST004901/MAGMA_Files/ebi-a-GCST004901.tsv.gz.35UP.10DOWN/ebi-a-GCST004901.tsv.gz.35UP.10DOWN.genes.out


End time is 04:03:46, Sunday 31 Jul 2022 (elapsed: 00:01:12)
