Welcome to MAGMA v1.10 (linux)
Using flags:
	--bfile /home/rstudio/.cache/R/MAGMA.Celltyping/g1000_eur/g1000_eur synonym-dup=skip
	--pval /tmp/RtmpkwuWeq/Wheeler2017.HA1C.tsv N=128024 duplicate=drop
	--gene-annot /shared/bms20/projects/MAGMA_Files_Public/data/GWAS_munged/Wheeler2017.HA1C/MAGMA_Files/Wheeler2017.HA1C.tsv.bgz.35UP.10DOWN/Wheeler2017.HA1C.tsv.bgz.35UP.10DOWN.genes.annot
	--out /shared/bms20/projects/MAGMA_Files_Public/data/GWAS_munged/Wheeler2017.HA1C/MAGMA_Files/Wheeler2017.HA1C.tsv.bgz.35UP.10DOWN/Wheeler2017.HA1C.tsv.bgz.35UP.10DOWN

Start time is 19:38:24, Tuesday 06 Jun 2023

Loading PLINK-format data...
Reading file /home/rstudio/.cache/R/MAGMA.Celltyping/g1000_eur/g1000_eur.fam... 503 individuals read
Reading file /home/rstudio/.cache/R/MAGMA.Celltyping/g1000_eur/g1000_eur.bim... 22665064 SNPs read
Preparing file /home/rstudio/.cache/R/MAGMA.Celltyping/g1000_eur/g1000_eur.bed... 

Reading SNP synonyms from file /home/rstudio/.cache/R/MAGMA.Celltyping/g1000_eur/g1000_eur.synonyms (auto-detected)
	read 6016767 mapped synonyms from file, mapping to 3921040 SNPs in the data
	WARNING: detected 133 synonymous SNP pairs in the data
	         skipped all synonym entries involved, synonymous SNPs are kept in analysis
	         writing list of detected synonyms in data to supplementary log file
Reading SNP p-values from file /tmp/RtmpkwuWeq/Wheeler2017.HA1C.tsv... 
	detected 9 variables in file
	using variable: SNP (SNP id)
	using variable: P (p-value)
	read 2449584 lines from file, containing valid SNP p-values for 2434767 SNPs in data (99.4% of lines, 10.74% of SNPs in data)
Loading gene annotation from file /shared/bms20/projects/MAGMA_Files_Public/data/GWAS_munged/Wheeler2017.HA1C/MAGMA_Files/Wheeler2017.HA1C.tsv.bgz.35UP.10DOWN/Wheeler2017.HA1C.tsv.bgz.35UP.10DOWN.genes.annot... 
	17642 gene definitions read from file
	found 17628 genes containing valid SNPs in genotype data


Starting gene analysis... 
	using model: SNPwise-mean
	writing gene analysis results to file /shared/bms20/projects/MAGMA_Files_Public/data/GWAS_munged/Wheeler2017.HA1C/MAGMA_Files/Wheeler2017.HA1C.tsv.bgz.35UP.10DOWN/Wheeler2017.HA1C.tsv.bgz.35UP.10DOWN.genes.out
	writing intermediate output to file /shared/bms20/projects/MAGMA_Files_Public/data/GWAS_munged/Wheeler2017.HA1C/MAGMA_Files/Wheeler2017.HA1C.tsv.bgz.35UP.10DOWN/Wheeler2017.HA1C.tsv.bgz.35UP.10DOWN.genes.raw


End time is 19:42:59, Tuesday 06 Jun 2023 (elapsed: 00:04:35)
