GENE       CHR      START       STOP  NSNPS  NPARAM       N        ZSTAT            P
9906         1    1646277    1712438      1       1  194427     -0.69514      0.75652
65220        1    1672671    1746508      1       1  194427     -0.69514      0.75652
2782         1    1706725    1857552      1       1  194427     -0.69633      0.75689
163688       1    1811266    1858733      1       1  194427     -0.69633      0.75689
261734       1    5912870    6087618      1       1  194427      0.21393       0.4153
8863         1    7809413    7915241      2       1  194427     -0.86906      0.80759
284498       1   11788827   11859642      1       1  194427       1.1408      0.12699
1185         1   11831153   11913201      1       1  194427       1.1408      0.12699
4524         1   11835787   11901160      1       1  194427       1.1408      0.12699
23254        1   14184646   15454544      2       1  194427      0.57964      0.28108
55092        1   15444028   15556974      1       1  194427      0.75914      0.22389
727684       1   15480692   15533120      1       1  194427      0.75914      0.22389
23400        1   17302453   17373467      1       1  194427       1.4523     0.073212
6390         1   17335217   17415665      1       1  194427       1.4523     0.073212
23436        1   22268418   22325847      1       1  194427      -2.3765      0.99126
10136        1   22293149   22349035      1       1  194427      -2.3765      0.99126
80818        1   23675941   23731357      1       1  194427       0.6433      0.26001
6920         1   23697555   23786269      1       1  194427       0.6433      0.26001
339487       1   33076421   33151565      1       1  194427      -1.0044       0.8424
5928         1   33081749   33161812      1       1  194427      -1.0044       0.8424
81493        1   33135507   33203361      1       1  194427      -1.0044       0.8424
114784       1   33969609   34666443      2       1  194427       1.2154      0.11211
23499        1   39514839   39962810      1       1  194427     -0.64961      0.74203
79033        1   44676742   44856315      1       1  194427      -1.1951      0.88397
84871        1   48988527   50524626      2       1  194427      0.17937      0.42882
148979       1   53961904   54238748      1       1  194427     -0.18087      0.57177
255738       1   55470149   55540526      4       1  194427       1.2554      0.10466
732          1   57384883   57468213      1       1  194427       1.0941      0.13696
1600         1   57450453   58751211      2       1  194427      0.37756      0.35288
7398         1   62866975   62927475      2       1  194427       1.5039     0.066299
57685        1   64901476   65168741      3       1  194427      -2.2197      0.98678
257194       1   71858625   72783533     15       2  194427     -0.16961      0.56734
100526835    1   74628896   75020116      6       1  194427      -0.2672      0.60534
51086        1   74666071   75020116      6       1  194427      -0.2672      0.60534
10964        1   79051067   79121830      1       1  194427      -1.6073      0.94601
255631       1   86184916   86657121      1       1  194427       1.1671      0.12158
7049         1   92135900   92406559      1       1  194427     -0.40475      0.65717
7813         1   92964253   93292961      2       1  194427      0.80617      0.21007
388650       1   93288286   93462079      1       1  194427      0.64984       0.2579
5825         1   94848933   94994219      1       1  194427      0.49022      0.31199
163786       1  100539100  100633518      1       1  194427      0.68549      0.24652
54482        1  100563669  100626054      1       1  194427      0.68549      0.24652
284611       1  109067653  109191949      1       1  194427     -0.62989      0.73562
163479       1  109220556  109295371      1       1  194427       1.7311     0.041719
6814         1  109254285  109362148      1       1  194427       1.7311     0.041719
254268       1  109348520  109435864      1       1  194427    -0.085325        0.534
29899        1  109382972  109483044      1       1  194427    -0.085325        0.534
57535        1  109621585  109759403      3       1  194427      0.92337      0.17791
6301         1  109721515  109790804      4       1  194427      0.69072      0.24487
1952         1  109757641  109828378      4       1  194427        2.168     0.015079
84722        1  109812176  109860790      1       1  194427       2.7624     0.002869
343263       1  109824987  109884663      1       1  194427       2.7624     0.002869
2948         1  110163698  110218123      1       1  194427       2.0084     0.022298
2946         1  110175644  110236619      1       1  194427       2.0084     0.022298
2944         1  110195418  110250828      1       1  194427       2.0084     0.022298
5906         1  112127405  112266807      1       1  194427       1.3654     0.086062
55356        1  116484119  116622675      2       1  194427      0.11267      0.45515
2330         1  146645884  146732390      1       1  194427       1.6437     0.050115
9557         1  146679291  146777447      1       1  194427       1.6437     0.050115
56833        1  159761440  159817282      1       1  194427       1.7388     0.041031
284677       1  159794264  159860544      1       1  194427       1.7388     0.041031
25903        1  161942982  162029172      1       1  194427      0.57825      0.28155
9722         1  162004581  162349813     11       4  194427     -0.30472      0.61971
400793       1  162313696  162366608      3       2  194427    -0.078727      0.53137
284680       1  162333515  162382017      2       1  194427      0.35575      0.36102
117157       1  162355056  162416928      2       1  194427      0.35575      0.36102
4921         1  162567228  162766409      1       1  194427     0.051116      0.47962
22920        1  169880461  170078882      1       1  194427      0.32583      0.37228
26052        1  171775618  172397606      4       2  194427      0.82022      0.20605
284525       1  173459604  173607233      1       1  194427    -0.093507      0.53725
27252        1  173649063  173765960      1       1  194427      -1.3662      0.91407
89866        1  177882825  177974188      7       1  194427      0.39241      0.34738
89884        1  180164433  180254188      1       1  194427      0.89542      0.18528
101929766    1  189225212  189339663      1       1  194427      0.49336      0.31088
2331         1  203299749  203355557      2       1  194427      -1.5376      0.93792
23114        1  204762782  205001950      1       1  194427       1.6357     0.050948
93273        1  205340506  205426214      1       1  194427      -1.7481      0.95978
2005         1  205567071  205637971      1       1  194427        1.037      0.14986
1380         1  207592645  207673240      1       1  194427      -1.1323      0.87126
1378         1  207634473  207825110      1       1  194427      -1.1323      0.87126
56950        1  214419565  214520477      1       1  194427      0.56919      0.28461
7399         1  215786236  216631738      2       1  194427       1.4497     0.073565
4139         1  220666568  220847799      1       1  194427      -1.1868      0.88234
149111       1  224699563  224938269      1       1  194427     -0.17439      0.56922
56997        1  227049589  227185246      1       1  194427     0.065063      0.47406
8476         1  227167566  227541193      2       1  194427     -0.12709      0.55056
2590         1  230167956  230427875      4       2  194427       1.3068     0.095632
57568        1  232523711  232800907      1       1  194427       1.1938      0.11628
88           1  236814754  236937931      1       1  194427       1.4702     0.070747
6262         1  237170510  238007288      2       1  194427       2.1058     0.017609
8564         1  241660324  241768949      1       1  194427      0.47895      0.31599
441925       1  242086069  242132364      1       1  194427       1.0908      0.13768
200150       1  242241689  242722998      2       1  194427     -0.97872      0.83614
64754        1  245902642  246705644      2       1  194427     0.049838      0.48013
64216        1  246693863  246764565      2       1  194427     -0.64473      0.74045
163882       1  246694639  246841884      2       1  194427     -0.64473      0.74045
25893        1  247768007  248053440      1       1  194427     -0.49978      0.69138
391189       1  247994230  248040198      1       1  194427     -0.49978      0.69138
7260         2    3182741    3416653      1       1  194427      -0.1904       0.5755
3398         2    8787113    8834583      1       1  194427       1.2901     0.098512
57498        2    8855295    9012755      1       1  194427      0.44872      0.32682
3790         2   18024105   18124225      1       1  194427     -0.19399      0.57691
57539        2   20100024   20224884      1       1  194427      0.48442      0.31404
4148         2   20181813   20247455      1       1  194427      0.48442      0.31404
60526        2   20873788   21057890      1       1  194427     -0.27225      0.60729
338          2   21214301   21301945      2       1  194427         1.97      0.02442
51374        2   27399899   27450046      5       1  194427     -0.69108      0.75524
790          2   27405258   27476660      5       1  194427     -0.69108      0.75524
8884         2   27412455   27470175      4       1  194427     -0.57732      0.71814
26160        2   27657240   27747575      1       1  194427       3.7398     9.21e-05
2646         2   27684470   27756556      1       1  194427       3.7398     9.21e-05
64838        2   27704750   27753126      1       1  194427       3.7398     9.21e-05
9577         2   28078482   28571768      7       2  194427      0.87601      0.19051
2355         2   28580704   28647516      1       1  194427      0.32136      0.37397
238          2   29405640   30179477      2       1  194427     -0.11016      0.54386
6654         2   39198690   39382686      1       1  194427      -1.0633      0.85617
344387       2   39395688   39506114      1       1  194427      -1.6919      0.95467
6546         2   40329286   40774575      6       2  194427      0.25668      0.39871
27436        2   42361490   42569688      1       1  194427      0.66508        0.253
55133        2   45605819   45873434      1       1  194427       1.4043     0.080111
56660        2   47737914   47832470      1       1  194427       -0.443      0.67112
400954       2   54917149   55209157      1       1  194427       0.7566      0.22465
130162       2   55389683   55494699      1       1  194427       -1.833       0.9666
4528         2   55453756   55531384      1       1  194427       -1.833       0.9666
112942       2   55711740   55782216      1       1  194427      -1.9496      0.97439
57223        2   55764428   55879860      1       1  194427      -1.9496      0.97439
7444         2   58238777   58397055      1       1  194427      0.47727      0.31658
150684       2   62080904   62373205      2       1  194427     -0.96903      0.83374
10575        2   62085262   62150806      2       1  194427     -0.96903      0.83374
51542        2   64109280   64281526      1       1  194427     -0.96491      0.83271
9792         2   64848755   65013048      1       1  194427     -0.02571      0.51026
165530       2   71025775   71082732      1       1  194427     -0.13718      0.55456
50489        2   71047343   71097953      1       1  194427     -0.13718      0.55456
8291         2   71645347   71923895      1       1  194427     0.029559      0.48821
6697         2   73079512   73129289      1       1  194427      -2.4704      0.99325
7840         2   73577886   73847047      2       1  194427       0.7371      0.23053
1496         2   79705060   80885993      6       3  194427     -0.12954      0.55154
8802         2   84640647   84721586      1       1  194427     -0.44549      0.67202
1768         2   84708579   85056713      1       1  194427      -1.0276      0.84793
925          2   87001728   87070519      1       1  194427      0.42687      0.33474
926          2   87032460   87124047      1       1  194427      0.42687      0.33474
2168         2   88412501   88462650      1       1  194427       -0.295        0.616
344167       2   88737726   88787053      1       1  194427     -0.24393      0.59636
200407       2  101954816  102038965      1       1  194427     0.038179      0.48477
731220       2  102003823  102126165      1       1  194427     0.038179      0.48477
6549         2  103201166  103337809      1       1  194427      -1.7599      0.96078
57628        2  115164899  116613328      1       1  194427       0.8065      0.20998
6344         2  120187419  120317028      1       1  194427      0.92064      0.17862
80775        2  120401743  120449694      1       1  194427      0.30206       0.3813
129684       2  124747864  125682954      1       1  194427       1.0272      0.15216
80731        2  137604718  138445287      1       1  194427     -0.80481      0.78954
53353        2  140978996  142924270      3       2  194427       1.7484     0.040198
11227        2  158079340  158177913      1       1  194427     -0.96362      0.83238
90           2  158582958  158767374      1       1  194427      0.53998      0.29461
8502         2  159278476  159547941      1       1  194427       1.1773      0.11954
85461        2  159790146  160099170      1       1  194427       1.0986      0.13596
151258       2  165744709  165847035      1       1  194427      0.55871      0.28818
115677       2  169608049  169731849      1       1  194427     -0.19883       0.5788
26003        2  171749948  171833645      1       1  194427      0.79715      0.21268
11069        2  173565525  173927621      1       1  194427     -0.28128      0.61075
7456         2  175414302  175582667      1       1  194427       1.6826     0.046227
116093       2  189588465  189689831      1       1  194427      0.59153      0.27708
57520        2  197053971  197493416      2       1  194427     -0.65408      0.74347
284992       2  197469278  197607530      1       1  194427     -0.13431      0.55342
130026       2  203627873  203771708      1       1  194427      0.63441      0.26291
79800        2  203741978  203861060      9       1  194427      0.91083      0.18119
65065        2  203844597  204101101     34       2  194427      0.40963      0.34104
57404        2  204068164  204180563     24       1  194427      0.81216      0.20835
10152        2  204157597  204306892      7       1  194427      0.71797      0.23639
1493         2  204697511  204748683      1       1  194427      -1.1546      0.87588
117583       2  205375516  206494886      3       2  194427      -0.3556      0.63893
8828         2  206512184  206672857      1       1  194427      -1.4842      0.93113
2825         2  207030040  207117771      1       1  194427       1.7493     0.040118
2066         2  212230442  213438879      2       1  194427      0.35105      0.36278
2335         2  216215177  216335890      2       1  194427      0.30226      0.38123
92737        2  230212345  230614286      1       1  194427     -0.72412       0.7655
129563       2  232791293  233218678      1       1  194427     -0.53615      0.70407
250          2  233208348  233257599      1       1  194427     -0.36605      0.64284
251          2  233236552  233285424      1       1  194427     -0.36605      0.64284
9759         2  239959864  240358346      1       1  194427      -2.9752      0.99854
10752        3     203279     461100      2       1  194427     -0.50219      0.69223
285362       3    4392829    4543966      1       1  194427      0.26765      0.39448
29995        3    8508493    8619811      1       1  194427       1.3205     0.093332
9686         3   11587543   11797220      1       1  194427      -1.9572      0.97484
6854         3   12147150   12243532      1       1  194427       1.3938     0.081688
9922         3   12928542   13149652      1       1  194427      0.97048       0.1659
7182         3   14954091   15100780      1       1  194427      0.63026      0.26426
79750        3   21449911   22449132      1       1  194427     0.050881      0.47971
9497         3   27404212   27560911      1       1  194427       1.5308     0.062909
27303        3   29287351   30061886      2       1  194427      0.54241      0.29377
201595       3   31539130   31687556      1       1  194427     0.093418      0.46279
9942         3   38353251   38466467      2       1  194427      0.24094       0.4048
6331         3   38579553   38726164      4       1  194427      0.92926      0.17638
54986        3   41278090   42091080      1       1  194427      0.45505      0.32454
55129        3   43397818   43698560      2       1  194427      -1.8157      0.96529
51099        3   43697375   43774217      1       1  194427      -1.8006      0.96412
64866        3   45113766   45222914      2       1  194427      -1.7005      0.95548
9254         3   50390230   50575892      1       1  194427      0.99238      0.16051
51533        3   52409577   52467657      1       1  194427       1.1868      0.11765
8314         3   52425020   52479121      1       1  194427       1.1868      0.11765
11188        3   52454524   52537088     16       1  194427       1.2223      0.11079
56920        3   52457268   52514112     10       1  194427       1.2555      0.10466
7134         3   52475107   52523057     14       1  194427       1.2113      0.11289
23166        3   52494354   52568512     14       1  194427       1.2187      0.11147
776          3   53494076   53857179      1       1  194427     -0.74642      0.77229
55799        3   54121620   55118584      1       1  194427     -0.52981      0.70188
2272         3   59725036   61272133      3       2  194427     -0.24838      0.59808
8618         3   62374021   62896064      1       1  194427      -1.1698      0.87896
9039         3   69093881   69164524      1       1  194427     -0.65728       0.7445
10550        3   69099090   69165239      1       1  194427     -0.65728       0.7445
56203        3   69146039   69206746      2       1  194427      -1.1642      0.87783
5067         3   74301719   74698587      1       1  194427     -0.16983      0.56743
253559       3   84973133   86133579      1       1  194427       1.2746      0.10123
8545         3   88091100   88234016      1       1  194427      0.33563      0.36858
100506944    3   88352565   88526299      2       1  194427     -0.22283      0.58816
55773        3   99944661  100054096      2       1  194427       1.6951     0.045025
25890        3  100458179  100747336      1       1  194427      0.47007      0.31915
56987        3  107206783  107540176      1       1  194427      -1.4785      0.93037
10225        3  111225926  111394843      1       1  194427       1.5308     0.062913
257068       3  111358523  111575294      1       1  194427       1.5308     0.062913
91653        3  112894850  113016306      1       1  194427      0.66126      0.25422
26137        3  114023348  114901132      3       1  194427      0.63813      0.26169
11167        3  120103061  120204918      1       1  194427       1.1884      0.11734
26984        3  122885774  123002983      1       1  194427     -0.31363       0.6231
201562       3  123203363  123338924      1       1  194427       1.7282     0.041974
285311       3  126876974  126927028      1       1  194427     -0.31671      0.62427
256076       3  130029359  130213690      2       1  194427      0.16736      0.43354
131873       3  130201198  130405890      1       1  194427      0.40484       0.3428
27032        3  130534327  130745556      2       1  194427     -0.17827      0.57075
79858        3  130710694  131079309      1       1  194427      0.12505      0.45024
131034       3  131242413  131794152      3       1  194427        0.363       0.3583
253461       3  141008055  141178634      1       1  194427       1.0735      0.14153
285195       3  142974063  143602373      1       1  194427     -0.32181       0.6262
83939        3  150229465  150313803      1       1  194427      0.24924      0.40159
116931       3  150768452  151164465      1       1  194427      0.84893      0.19796
53829        3  151034096  151082337      1       1  194427      0.84893      0.19796
64805        3  151044631  151137600      1       1  194427      0.84893      0.19796
7881         3  155803337  156266927      1       1  194427       1.3925     0.081892
2122         3  168791287  169416563      1       1  194427       -0.915       0.8199
7095         3  169649580  169726161      1       1  194427      -1.1913      0.88323
22871        3  173080570  174014434      1       1  194427       0.1328      0.44718
79718        3  176728542  176950048      1       1  194427      0.28391      0.38824
89857        3  183195319  183308499      2       1  194427     -0.15965      0.56342
90407        3  185197389  185251845      1       1  194427      0.37566      0.35359
200879       3  185215570  185305369      1       1  194427      0.37566      0.35359
10644        3  185351527  185577827      1       1  194427     -0.18696      0.57415
2119         3  185754106  185861901      2       1  194427      -1.4337      0.92417
1427         3  186246232  186298049      1       1  194427      0.87359      0.19117
51726        3  186253467  186313589      1       1  194427      0.87359      0.19117
55171        3  186253856  186323332      1       1  194427      0.87359      0.19117
6480         3  186613315  186806341      2       1  194427     -0.05229      0.52085
4026         3  187836097  188618460      2       1  194427       1.1091       0.1337
55214        3  189664517  189875226      1       1  194427     -0.23777      0.59397
93109        3  194298402  194389150      1       1  194427       0.2237      0.41149
7037         3  195766155  195844032      1       1  194427     -0.95543      0.83032
132884       4    5534531    5746275      1       1  194427     -0.50701      0.69393
2121         4    5677924    5826031      1       1  194427     -0.50701      0.69393
5522         4    6312305    6600327      1       1  194427     -0.74358      0.77144
57537        4    7159374    7754564      1       1  194427       1.4684     0.070994
94031        4    8236487    8318838      1       1  194427     -0.45701      0.67617
101928948    4    9498585    9619872      2       1  194427       1.0036      0.15777
1816         4    9748258    9795633      1       1  194427      0.44803      0.32706
9079         4   16493164   16935424      1       1  194427      0.22577      0.41069
6649         4   24762085   24812467      2       1  194427     -0.83402      0.79786
116984       4   36057620   36280979      3       1  194427      0.35148      0.36261
768211       4   37582422   37722999      1       1  194427      0.32117      0.37404
285527       4   48489380   48817329      1       1  194427     -0.67458      0.75003
23284        4   62031949   62948168      2       1  194427     -0.20654      0.58182
2798         4   68593093   68656804      1       1  194427     -0.88537      0.81202
85438        4   71165671   71212833      1       1  194427     -0.56764      0.71486
26952        4   71191493   71242823      1       1  194427     -0.56764      0.71486
8671         4   72018003   72447804      1       1  194427      0.41288      0.33985
79966        4   83540690   83755010      1       1  194427     -0.45299      0.67472
5910         4   99147527   99375012      1       1  194427        1.396     0.081354
54790        4  106032032  106210960      1       1  194427     -0.05361      0.52138
255743       4  106781588  106902828      2       1  194427      0.69307      0.24413
93627        4  106957233  107272861      1       1  194427     -0.10459      0.54165
59067        4  123523783  123577212      1       1  194427      0.27629      0.39116
11162        4  123803799  123879159      2       1  194427     -0.91063      0.81876
166378       4  123809225  124250605      3       1  194427     -0.91879       0.8209
23657        4  139075248  139198572      1       1  194427       1.2678      0.10243
55534        4  140627545  141110233      1       1  194427      0.22573       0.4107
152485       4  146671874  146894607      1       1  194427      0.77977      0.21776
79658        4  148618214  149003927      2       1  194427      0.28103      0.38935
166614       4  150964426  151188609      1       1  194427      0.90665       0.1823
987          4  151175811  151971879      3       1  194427      0.72831      0.23321
152503       4  152031433  152281797      3       1  194427       1.7908     0.036662
345062       4  152163152  152222719      2       1  194427       1.8799     0.030061
54798        4  155145527  155447930      1       1  194427     -0.58481      0.72066
55314        4  159087749  159186439      1       1  194427     -0.53202      0.70265
57600        4  159655182  159839202      1       1  194427      -1.7033      0.95574
56884        4  162295044  163120186      1       1  194427     -0.23723      0.59376
55016        4  164435450  165340093      1       1  194427    -0.058581      0.52336
201931       4  165987230  166069024      2       1  194427     -0.68067      0.75196
91351        4  169267886  169436665      1       1  194427     -0.13378      0.55321
442117       4  172699575  173971559      1       1  194427      0.53602      0.29597
55247        4  178195991  178294092      1       1  194427       1.7016     0.044415
55714        4  183030112  183734177      1       1  194427      0.20126      0.42025
1016         5   19463140   20610972      4       2  194427    -0.072242       0.5288
1010         5   21740870   22888731      1       1  194427      0.63451      0.26287
1004         5   31158762   31339253      1       1  194427       1.8517     0.032035
23037        5   31604345   32121038      2       1  194427       0.1715      0.43191
51663        5   32344456   32479844      1       1  194427      0.41583      0.33877
6507         5   36571457   36698436      1       1  194427    -0.085634      0.53412
9180         5   38810960   38945743      1       1  194427       1.1538      0.12429
2533         5   39095354   39305759      1       1  194427      0.49865      0.30901
345557       5   41297048   41545730      1       1  194427     -0.56466      0.71385
5144         5   58254865   59818925      1       1  194427      0.49166      0.31148
401190       5   63766774   63919285      1       1  194427      0.20612      0.41835
9522         5   77621339   77786562      1       1  194427      0.82803      0.20383
83989        5   92943431   93482404      1       1  194427       2.0233     0.021523
79772        5   94028280   94655279      2       1  194427     -0.40964      0.65897
831          5   95962741   96120387      1       1  194427     -0.56509      0.71399
153733       5  114592885  114667458      1       1  194427      0.24707      0.40243
1657         5  118371839  118594822      1       1  194427      0.25103       0.4009
28966        5  122146149  122357317      1       1  194427      -1.0114      0.84409
84466        5  126530206  126806914      1       1  194427    -0.052107      0.52078
153768       5  145128582  145249899      1       1  194427      0.67449         0.25
5521         5  145959067  146496083      1       1  194427     -0.15188      0.56036
79628        5  148351713  148477737      1       1  194427      0.80953      0.20911
91937        5  156336293  156425266      1       1  194427       1.3816     0.083551
57451        5  166371083  167701162      1       1  194427      0.31008      0.37825
64901        5  170253880  170737454      1       1  194427      0.26581      0.39519
57222        5  172226223  172389688      1       1  194427      -1.5222      0.93602
80315        5  173280331  173397313      2       1  194427       0.9065      0.18234
54825        5  175934512  176032769      2       1  194427      -1.7578      0.96061
3101         5  176297870  176361333      1       1  194427      0.28176      0.38906
51720        5  176322006  176468795      1       1  194427      0.28176      0.38906
221749       6    3712836    3787246      1       1  194427    -0.088016      0.53507
10667        6    5226251    5781816      1       1  194427     0.086974      0.46535
266553       6    9687863   10246841      1       1  194427       0.3639      0.35797
221692       6   12681888   13300476      4       2  194427       2.4575    0.0069952
100130357    6   13269527   13332314      1       1  194427     -0.28549      0.61237
54438        6   13353587   13522869      1       1  194427     -0.26563      0.60474
221662       6   17246739   17304102      1       1  194427        1.224      0.11047
1871         6   20367137   20503945     20       2  194427       3.1153   0.00091868
54901        6   20499688   21242635     24       5  194427     -0.29066      0.61434
51473        6   24161983   24418520      2       1  194427   -0.0085365      0.50341
353219       6   24322131   24368512      1       1  194427      0.17994       0.4286
3159         6   34169577   34224008      3       1  194427       2.1966     0.014025
221491       6   34204157   34251904      1       1  194427       1.4747     0.070152
6732         6   35790811   35923957      1       1  194427     -0.09417      0.53751
116369       6   35901291   36027413      1       1  194427     -0.09417      0.53751
60685        6   37752272   38171637      1       1  194427     0.049183      0.48039
114781       6   38126227   38643202      2       1  194427     0.018353      0.49268
2739         6   38633701   38705952      1       1  194427      -1.2538      0.89504
1769         6   38648117   39008574      1       1  194427      -1.2538      0.89504
23500        6   39725159   39882653      1       1  194427       1.3267     0.092302
83741        6   50646257   50750746      4       1  194427     -0.64981      0.74209
5314         6   51470145   51987423      2       1  194427      -2.0094      0.97775
221357       6   52686540   52745893      1       1  194427     -0.18409      0.57303
3062         6   55004071   55157538      1       1  194427      0.49324      0.31092
22999        6   72561406   73122845      1       1  194427      -0.3399      0.63304
56479        6   73296571   73918574      1       1  194427       1.2336      0.10868
80759        6   73941037   74054938      1       1  194427     -0.94159       0.8268
154288       6   74037400   74083898      1       1  194427     -0.94159       0.8268
1303         6   75784042   75950623      1       1  194427     0.076751      0.46941
1347         6   75937391   75988644      1       1  194427     0.076751      0.46941
10690        6   96428845   96673488      1       1  194427      0.69826      0.24251
2898         6  101806584  102527958      2       1  194427      0.38502      0.35011
9474         6  106622351  106808695      1       1  194427     0.042154      0.48319
202          6  106773683  107028335      1       1  194427     0.042154      0.48319
728464       6  110556666  110714475      1       1  194427      0.37876      0.35243
85413        6  110735890  110832844      1       1  194427      0.68773      0.24581
2444         6  116252691  116432360      1       1  194427       1.1936      0.11632
221294       6  116386999  116576853      1       1  194427       1.1936      0.11632
222553       6  118193689  118648839     15       1  194427      0.63998      0.26109
387119       6  118771935  119066238      4       1  194427       2.5199     0.005869
5350         6  118834442  118891587      1       1  194427       2.7996     0.002558
79632        6  119270992  119505552      1       1  194427     -0.67781      0.75105
10345        6  123527484  123993428      1       1  194427     -0.91217      0.81916
154215       6  124089991  125156786      1       1  194427     -0.99303      0.83965
253582       6  130142389  130217416      1       1  194427      0.45126       0.3259
2037         6  131150487  131419462      1       1  194427     -0.86743      0.80715
2070         6  133526512  133863258      3       1  194427      -1.5998      0.94518
6943         6  134175259  134226675     14       1  194427       2.5886    0.0048186
389434       6  150654987  150735765      1       1  194427      -1.7461       0.9596
57480        6  150885999  151174801      1       1  194427     0.091152      0.46369
9590         6  151526134  151689694      1       1  194427      0.50874      0.30547
26575        6  153322026  153487389      1       1  194427    -0.041406      0.51651
56995        6  158618268  158942860      1       1  194427      0.91709      0.17955
5071         6  161758590  163183834      1       1  194427     -0.74042      0.77048
10846        6  165730776  166110588      1       1  194427       1.1326      0.12868
56975        7     157969     310740      1       1  194427      0.52153        0.301
54476        7    5649672    5856361      2       1  194427     0.087531      0.46512
3382         7    8142814    8337242      1       1  194427      0.53461      0.29646
1607         7   14174674   14978281     11       3  194427     -0.97191      0.83445
4223         7   15640837   15761308      1       1  194427       1.4814     0.069252
729920       7   16117152   16495947      2       1  194427     -0.45797      0.67651
196          7   17303276   17395775      1       1  194427      -0.1855      0.57358
8701         7   21547833   21951451      2       1  194427       2.3289    0.0099315
29887        7   26296515   26423949      1       1  194427     -0.14638      0.55819
3202         7   27170671   27227309      1       1  194427      0.15504       0.4384
3203         7   27175202   27222393      1       1  194427      0.15504       0.4384
3204         7   27183335   27231296      1       1  194427      0.15504       0.4384
3205         7   27192057   27240149      1       1  194427      0.15504       0.4384
3206         7   27200210   27254880      4       1  194427      0.21696      0.41412
3207         7   27210776   27259835      4       1  194427      0.21696      0.41412
3209         7   27226499   27274725      3       1  194427      0.26701      0.39473
221895       7   27860192   28255437     13       3  194427       2.1471     0.015894
1124         7   29198991   29563944      1       1  194427     -0.68286      0.75265
1395         7   30681559   30774719      1       1  194427      0.18422      0.42692
223075       7   31518685   31708334      1       1  194427       -1.307      0.90439
5137         7   31781666   32374016      1       1  194427      0.20168      0.42008
11328        7   32962005   33056543      1       1  194427      0.60118      0.27386
27241        7   33134144   33655680      1       1  194427     -0.20291       0.5804
9844         7   36882511   37523895      1       1  194427      0.66169      0.25408
273          7   38413297   38706167      3       1  194427      0.38254      0.35103
10268        7   45162367   45233849      2       1  194427     -0.24445      0.59656
154664       7   48176057   48697091      1       1  194427      -1.3964      0.91871
23242        7   51073909   51419515      1       1  194427     -0.33751      0.63214
7697         7   64219766   64324178      1       1  194427       -1.844      0.96741
64409        7   70562523   71188586      1       1  194427    0.0024103      0.49904
114049       7   73062898   73122551      1       1  194427       1.7535     0.039762
84277        7   73085248   73132781      1       1  194427       1.7535     0.039762
6804         7   73103535   73169032      1       1  194427       1.7535     0.039762
7458         7   73553706   73621429      1       1  194427     -0.11572      0.54606
7462         7   73589087   73654164      1       1  194427     -0.11572      0.54606
2969         7   74036991   74185022      1       1  194427   -0.0016894      0.50067
5447         7   75509420   75626173      1       1  194427      0.94181      0.17315
83862        7   75606155   75658992      1       1  194427      0.94181      0.17315
51657        7   75615610   75712321      1       1  194427      0.94181      0.17315
2770         7   79729140   79858725      1       1  194427      0.11809        0.453
781          7   81565760   82108031      1       1  194427     -0.78406       0.7835
9723         7   82983222   83313479      1       1  194427       0.2381       0.4059
1750         7   96600290   96650352      1       1  194427     -0.44545        0.672
22853        7   97701197   97848945      1       1  194427      0.32855      0.37125
1576         7   99344583   99416811      1       1  194427     -0.17497      0.56945
54517        7  105086948  105197689      2       1  194427       1.6943       0.0451
60561        7  105137532  105218131      1       1  194427      0.50907      0.30535
4897         7  107778071  108131841      1       1  194427      -1.2536      0.89501
83943        7  110293106  111237588      1       1  194427      0.69223       0.2444
3751         7  119878689  120400387      1       1  194427     -0.55325      0.70996
3952         7  127846241  127907682      1       1  194427      -1.2406      0.89263
23382        7  128829855  129080052      2       1  194427       1.6535     0.049115
57464        7  129039274  129138240      1       1  194427       1.7918     0.036585
57016        7  134177344  134236166      1       1  194427       0.6465      0.25898
441282       7  134198849  134274615      1       1  194427       0.6465      0.25898
4850         7  135036547  135229875      2       1  194427      -1.1896      0.88289
23165        7  135207662  135343501      1       1  194427     -0.40052      0.65561
1129         7  136518399  136713720      1       1  194427      -1.7144      0.95678
9601         7  148690154  148760782      1       1  194427       1.9197     0.027445
155061       7  149159884  149229928      1       1  194427      0.26532      0.39538
5799         7  157321750  158415482      2       1  194427     -0.74452      0.77172
9228         8     842021    1666642      1       1  194427     -0.45876       0.6768
9639         8    1737149    1916807      1       1  194427      -1.1349      0.87179
9920         8    1886949    1965109      1       1  194427      -1.1349      0.87179
9172         8    1958082    2103380      1       1  194427       1.4516     0.073303
64478        8    2782875    4887328      4       2  194427    -0.058926      0.52349
79648        8    6229113    6511140      1       1  194427     -0.92251      0.82187
728358       8    6844288    6891724      1       1  194427     -0.13971      0.55555
1668         8    6863391    6910816      1       1  194427     -0.13971      0.55555
8658         8    9377756    9649856      4       1  194427      0.14134       0.4438
4482         8    9876830   10296401      3       1  194427      -1.1127      0.86708
286046       8   10743654   11093875      1       1  194427      -1.5063        0.934
2626         8   11499433   11627510      1       1  194427      0.87056        0.192
613209       8   11804830   11852099      1       1  194427       0.7108      0.23861
613210       8   11821446   11867108      1       1  194427       0.7108      0.23861
613211       8   11841489   11888760      1       1  194427       0.7108      0.23861
91694        8   12569406   12647992      1       1  194427    0.0086422      0.49655
137868       8   13937373   15130792      1       1  194427       1.0417      0.14878
23362        8   18374813   18906196      1       1  194427       1.4061     0.079844
55790        8   19251672   19575261      1       1  194427      0.73667      0.23066
157313       8   25281275   25375425      1       1  194427    -0.050808      0.52026
5520         8   26114007   26240196      1       1  194427     -0.33216      0.63012
148          8   26595667   26762003      1       1  194427      0.28984      0.38597
81551        8   27083814   27151382      1       1  194427    -0.076034       0.5303
23303        8   28914795   29155610      1       1  194427      0.79136      0.21437
3084         8   31461820   32632558      1       1  194427      0.35015      0.36311
137970       8   35057975   35664068      1       1  194427     -0.65779      0.74466
286          8   41500744   41789280      1       1  194427     -0.13253      0.55272
6591         8   49820236   49868999      1       1  194427       -1.276      0.89903
54212        8   50787349   51716171      1       1  194427     -0.34468      0.63483
114786       8   55980017   56448714      1       1  194427     -0.75882      0.77602
54928        8   57860488   57941430      1       1  194427       2.6167     0.004439
9760         8   59707977   60066767      2       1  194427     -0.56259      0.71314
444          8   62403115   62662199      1       1  194427     -0.67385       0.7498
23213        8   70343859   70583147      1       1  194427     0.053805      0.47855
81796        8   70574110   70782299      1       1  194427     0.053805      0.47855
23471        8   71475453   71555694      1       1  194427      0.58277      0.28003
168975       8   87843676   88404955      1       1  194427      0.68727      0.24596
203111       8   99041750   99115838      1       1  194427        1.865     0.031092
10940        8   99094521   99182069      1       1  194427        1.865     0.031092
10247        8   99104567   99164418      1       1  194427        1.865     0.031092
50484        8  103206729  103286346      1       1  194427       1.0684      0.14267
137735       8  107761711  107817472      1       1  194427       1.2017      0.11473
401474       8  119191694  119669184      1       1  194427      0.49993      0.30856
6641         8  121537985  121860599      1       1  194427     -0.63516      0.73734
312          8  124683034  124784647      1       1  194427       1.3623     0.086553
157769       8  124745679  124837692      1       1  194427       1.3623     0.086553
654463       8  124829227  125142412      1       1  194427     -0.79267      0.78602
9788         8  125553025  125775730      1       1  194427     -0.12495      0.54972
57623        8  135480031  135760292      2       1  194427      0.57923      0.28122
10656        8  136434702  136679068      1       1  194427    -0.095845      0.53818
83696        8  140730324  141503678      1       1  194427      0.91412      0.18033
57210        8  142207273  142345241      1       1  194427     -0.46215      0.67801
23189        9     435294     756106      1       1  194427       2.0469     0.020332
1761         9     806690     979090      2       1  194427     -0.88318      0.81143
7436         9    2586679    2664485      1       1  194427     -0.83626       0.7985
5991         9    3208297    3560992      1       1  194427      0.34695      0.36431
169792       9    3814128    4335036     26       4  194427      0.95767      0.16912
11172        9    5153863    5220618      1       1  194427      0.68145      0.24779
4781         9   14071842   14433982      1       1  194427     -0.56668      0.71453
203238       9   15517872   15981897      4       1  194427       0.4953       0.3102
54796        9   16399501   16905786      2       1  194427     -0.67895      0.75141
92949        9   18439079   18920948      1       1  194427      0.61675       0.2687
158297       9   18917891   19068256      1       1  194427      0.62068      0.26741
10670        9   19014372   19061023      1       1  194427      0.62068      0.26741
55667        9   19195763   19384137      1       1  194427     -0.46554      0.67923
401494       9   20993620   21066635      1       1  194427      0.26319       0.3962
158038       9   27938084   29247998     18       2  194427      0.68914      0.24537
23586        9   32445300   32561322      1       1  194427       1.4648     0.071492
54926        9   33782162   33930401      1       1  194427      0.95957      0.16864
55833        9   33911691   34083947      1       1  194427      0.95957      0.16864
26267        9   37500889   37611250      1       1  194427      0.82977      0.20333
256691       9   72623435   72851899      1       1  194427     -0.52769      0.70114
80036        9   73133979   74096782      1       1  194427    -0.081168      0.53235
5125         9   78470560   78987255      3       2  194427    -0.096901       0.5386
158471       9   79216292   79556136      1       1  194427     0.000753       0.4997
257019       9   85847905   86188348      3       1  194427     -0.60872      0.72864
1903         9   91571324   91630070      1       1  194427       1.2774      0.10072
53358        9   91610686   91828682      1       1  194427       1.2774      0.10072
6850         9   93529012   93670842      1       1  194427      0.78729      0.21556
23196        9   96179173   96338397      1       1  194427      -1.5146      0.93506
158293       9   96198776   96250874      1       1  194427      -1.5146      0.93506
55335        9  107491022  107550045      1       1  194427      0.55162       0.2906
19           9  107533283  107725527      1       1  194427      0.55162       0.2906
7357         9  114624206  114707649      1       1  194427      -1.2815      0.89999
158405       9  115214248  115437587      1       1  194427      -1.1375      0.87233
23245        9  119177504  120212317      2       1  194427     -0.56233      0.71306
22954        9  119325147  119473579      1       1  194427     0.004606      0.49816
2934         9  123995380  124105122      1       1  194427       1.1586      0.12332
286204       9  126083448  126151034      1       1  194427      0.15568      0.43814
9649         9  129642053  129995445      1       1  194427       1.0635      0.14377
23048        9  132639458  132840473      1       1  194427      0.50479      0.30685
84726        9  134270477  134385584      1       1  194427     -0.86847      0.80743
10585        9  134343282  134409193      1       1  194427     -0.74126      0.77073
23064        9  135126827  135267113      1       1  194427     -0.15047       0.5598
7270         9  135240935  135317238      1       1  194427     -0.15047       0.5598
389799       9  135250430  135458734      1       1  194427     -0.15047       0.5598
6130         9  136180069  136228280      1       1  194427     -0.17807      0.57066
6838         9  136187543  136238047      1       1  194427     -0.17807      0.57066
6835         9  136188421  136238041      1       1  194427     -0.17807      0.57066
6837         9  136197751  136250011      1       1  194427     -0.17807      0.57066
4851         9  139378896  139475238      1       1  194427      0.72967       0.2328
5209        10    6151843    6287508      1       1  194427       1.1257      0.13016
11164       10   12199573   12273143      1       1  194427      0.86777      0.19276
8872        10   12202961   12302589      2       1  194427      0.60432      0.27282
5264        10   13309796   13377133      1       1  194427     -0.43826       0.6694
55691       10   13675706   14407866      3       2  194427      0.76859      0.22107
10529       10   21058900   21498116      2       1  194427      0.53508       0.2963
5305        10   22813766   23038503      2       1  194427       0.6875      0.24588
56243       10   23948675   24846772      1       1  194427     0.077561      0.46909
53904       10   26188002   26511465      2       1  194427     -0.94045      0.82651
54518       10   26692253   26866732      2       1  194427      -0.4572      0.67624
56288       10   34388488   35139253      2       1  194427       1.6653     0.047931
100130539   10   44753198   44800097      8       1  194427      0.87226      0.19153
6387        10   44855601   44915545      3       1  194427      0.29802      0.38284
643236      10   45371764   45440642      1       1  194427      0.97906      0.16378
5949        10   48371487   48425991      1       1  194427     -0.30278      0.61897
2658        10   48403092   48451853      1       1  194427     -0.30278      0.61897
57705       10   49857907   50201001      1       1  194427      0.30683      0.37949
474354      10   50107528   50182980      1       1  194427      0.30683      0.37949
2074        10   50652526   50782169      1       1  194427      0.60204      0.27357
65217       10   55552531   56596051      1       1  194427     -0.27423      0.60805
8030        10   61538505   61701414      1       1  194427      0.81582       0.2073
219621      10   63387709   63536524      7       1  194427      -1.6186      0.94723
1763        10   70163821   70266878      1       1  194427       1.0048      0.15749
8034        10   70232090   70322280      1       1  194427       1.0048      0.15749
80201       10   70945059   71037315      1       1  194427     -0.26794      0.60563
3098        10   70994740   71171638      2       1  194427     -0.91448      0.81977
23555       10   71141821   71281569      1       1  194427       1.4488     0.073699
6865        10   71153958   71211674      1       1  194427       1.4488     0.073699
1305        10   71526644   71728904      2       1  194427     -0.49409      0.68938
83938       10   77156217   78327133      3       1  194427       0.7018       0.2414
219348      10   81857258   81914784      1       1  194427       1.2509      0.10549
311         10   81904880   82000433      3       1  194427        1.553     0.060215
2894        10   87349312   88161250      1       1  194427     0.097644      0.46111
55328       10   90023621   90378611      1       1  194427     -0.41486      0.66088
8513        10   90389146   90448572      1       1  194427     -0.67324       0.7496
439996      10   91102813   91154962      1       1  194427     -0.63048      0.73581
3434        10   91117303   91176244      1       1  194427     -0.63048      0.73581
9211        10   95482566   95567916      1       1  194427       1.4865     0.068569
51196       10   95718746   96098149      6       2  194427     -0.33079       0.6296
84986       10   98971930   99087430      1       1  194427      0.12332      0.45093
10023       10   99044022   99091672      1       1  194427      0.12332      0.45093
84171       10   99997443  100063007      1       1  194427      -1.2509      0.89451
1244        10  101507457  101621662      1       1  194427      0.14835      0.44103
54838       10  104468727  104586022      1       1  194427     -0.22086       0.5874
9644        10  105343784  105650195      1       1  194427      0.96456      0.16738
79991       10  105627316  105713045      4       1  194427       1.1885      0.11732
114815      10  108323421  108959466      1       1  194427      -1.1036      0.86512
84632       10  116031248  116199515      1       1  194427      0.65837      0.25515
3983        10  116180869  116479762      1       1  194427      -1.8437      0.96739
26033       10  116818124  117718496      1       1  194427      0.61215      0.27022
196051      10  122181466  122359367      1       1  194427     -0.34991       0.6368
2263        10  123227844  123392972      1       1  194427      -0.8451      0.80097
11101       10  123489939  123723149      3       1  194427       1.3799     0.083815
3632        10  134316283  134606984      1       1  194427       1.6962     0.044927
50632       10  135128928  135185482      1       1  194427       1.9018     0.028601
196743      10  135157741  135215198      1       1  194427       1.9018     0.028601
282969      10  135158658  135206529      1       1  194427       1.9018     0.028601
1892        10  135165987  135221908      1       1  194427       1.9018     0.028601
92170       10  135172621  135244174      1       1  194427       1.9018     0.028601
3784        11    2431221    2880340      2       1  194427      0.60751      0.27176
5002        11    2885951    2956476      1       1  194427      0.50099      0.30819
1028        11    2894448    2942063      1       1  194427      0.50099      0.30819
5003        11    2899327    2960175      1       1  194427      0.50099      0.30819
833         11    3012152    3113681      1       1  194427      0.90353      0.18312
6786        11    3841933    4124440      1       1  194427      0.90767      0.18203
6240        11    4080791    4170116      1       1  194427     -0.14229      0.55657
3048        11    5264421    5311011      1       1  194427     -0.51996      0.69845
3046        11    5279580    5326373      1       1  194427     -0.51996      0.69845
4004        11    8235851    8325182      1       1  194427      -0.4814      0.68489
65975       11    8403417    8650836      1       1  194427      0.64603      0.25913
9866        11    8623584    8739205      2       1  194427      0.67569      0.24962
6764        11    8704899    8967498      1       1  194427       1.5566     0.059783
56672       11    8897701    8951626      1       1  194427       1.5566     0.059783
1982        11   10808593   10865582      1       1  194427      -1.7147       0.9568
9645        11   12097138   12295335      1       1  194427      0.50162      0.30797
22800       11   14289466   14421052      1       1  194427      -1.8062      0.96456
144100      11   16799207   17070963      8       1  194427      0.19247      0.42369
5286        11   17098108   17264543      1       1  194427     0.062505      0.47508
4925        11   17246884   17381510      1       1  194427     0.062505      0.47508
117194      11   19066002   19117228      1       1  194427     -0.54538      0.70725
10196       11   20374076   20540879      1       1  194427      -1.1538      0.87572
4745        11   20656117   21607232      1       1  194427     -0.64916      0.74188
338645      11   24483516   25114186      1       1  194427      -1.8715      0.96936
63982       11   26175458   26694836      2       1  194427      0.73611      0.23083
159963      11   26678566   26778574      1       1  194427     0.047363      0.48111
8424        11   27027252   27159354      1       1  194427       2.2174     0.013299
55366       11   27377508   27529338      5       1  194427        -1.02      0.84613
57689       11   40125524   41516186      2       1  194427       2.0937     0.018145
90139       11   44713731   44963978      1       1  194427     -0.73847      0.76989
9537        11   44897454   45007919      1       1  194427     -0.73847      0.76989
1408        11   45833669   45914799      5       1  194427    -0.039869       0.5159
9479        11   45872047   45938016      9       2  194427      0.59362      0.27638
120071      11   45908172   45960647     11       2  194427       1.7819     0.037387
143678      11   45918085   45963833     10       2  194427       1.8129     0.034926
9409        11   45921220   45974674     11       2  194427       1.8259      0.03393
51317       11   45940870   46177985     17       2  194427       1.7041     0.044181
9793        11   46755084   46902859      3       1  194427     -0.35274      0.63786
4038        11   46868268   46975173      3       1  194427     -0.35274      0.63786
4607        11   47342957   47409253      1       1  194427      0.45693      0.32386
6688        11   47366409   47435127      1       1  194427      0.45693      0.32386
91252       11   47393683   47448051      1       1  194427      0.45693      0.32386
219493      11   56396162   56442094      1       1  194427      0.87968      0.18952
338675      11   56398965   56444915      1       1  194427      0.87968      0.18952
219956      11   57756353   57959059      1       1  194427      0.63463      0.26283
219968      11   58264649   58310578      1       1  194427        1.596      0.05525
92292       11   58660102   58734543      1       1  194427     -0.35366       0.6382
374393      11   58839658   58904888      1       1  194427      0.15331      0.43908
63901       11   58875219   58932512      1       1  194427      0.15331      0.43908
9066        11   61271188   61383523      1       1  194427      0.28125      0.38926
5866        11   61654706   61748747      6       1  194427      -0.8204      0.79401
7439        11   61682356   61741935      6       1  194427      -0.8204      0.79401
2495        11   61721757   61770132      5       1  194427       -0.377      0.64691
4250        11   62002630   62050628      1       1  194427       1.2971     0.097297
28992       11   63756006   63968602      1       1  194427       3.0732     0.001059
23769       11   63768442   63896655      1       1  194427       3.0732     0.001059
91683       11   66755190   66828334      1       1  194427     0.028637      0.48858
29984       11   66789289   66849488      1       1  194427     0.028637      0.48858
22992       11   66851740   67035553      1       1  194427       2.3523    0.0093291
9600        11   67249231   67307843      2       1  194427       1.0846      0.13904
10263       11   67263961   67311199      2       1  194427       1.0846      0.13904
51475       11   67276418   67326085      2       1  194427       1.0846      0.13904
1119        11   67810326   67923858      1       1  194427       1.0905      0.13775
55107       11   69889408   70045651      1       1  194427      0.19582      0.42237
5138        11   72277184   72420497      3       1  194427      -1.0293      0.84832
116985      11   72386114   72498465      3       1  194427      -1.0293      0.84832
1740        11   83156055   85373314      4       2  194427     -0.76649      0.77831
2915        11   88227256   88831846      4       2  194427      0.89747      0.18474
84441       11   95701440   96111344      1       1  194427      0.45337      0.32514
53942       11   98856706  100239616      1       1  194427      0.73368      0.23157
330         11  102153181  102220134      1       1  194427       1.2436      0.10682
4319        11  102631233  102686359      1       1  194427      0.84812      0.19818
4312        11  102650641  102703966      1       1  194427      0.84812      0.19818
91801       11  107363453  107471468      1       1  194427       1.0024      0.15809
341032      11  111091707  111166973      1       1  194427     -0.78206      0.78291
4684        11  112796969  113159158      1       1  194427     0.073813      0.47058
23705       11  115029933  115410241      1       1  194427      0.94241      0.17299
84811       11  116608886  116678714      7       1  194427       1.5854     0.056433
8882        11  116639276  116693739      6       1  194427       1.5375     0.062079
116519      11  116650086  116698136      5       1  194427       1.5386     0.061951
486         11  117680790  117734408      1       1  194427     -0.15304      0.56082
100533181   11  117680790  117782746      1       1  194427     -0.15304      0.56082
53826       11  117697691  117783201      1       1  194427     -0.15304      0.56082
56912       11  118405243  118471791      1       1  194427       2.1435     0.016037
372         11  118408078  118483748      1       1  194427       2.1435     0.016037
23187       11  118442213  118538748      1       1  194427       2.1435     0.016037
220323      11  120046747  120110650      1       1  194427      0.54661      0.29233
25833       11  120072349  120200653      1       1  194427      0.54661      0.29233
4013        11  123951111  124027619      1       1  194427       1.0733      0.14158
9638        11  125305641  125401206      1       1  194427         1.54     0.061777
403312      11  125330104  125376769      1       1  194427         1.54     0.061777
84623       11  126283388  126905766      1       1  194427       1.0865      0.13863
775         12    2044952    2817115      3       2  194427     -0.62495        0.734
10867       12    3151521    3405730      1       1  194427     -0.86826      0.80737
8074        12    4467393    4523894      1       1  194427    -0.096266      0.53835
7450        12    6048040    6268836      1       1  194427      0.41938      0.33747
50856       12    8241228    8301203      1       1  194427     -0.15446      0.56138
440077      12    8255807    8342642      1       1  194427     -0.15446      0.56138
51071       12   16029186   16200315      1       1  194427    -0.086835       0.5346
89869       12   18826110   18926020      1       1  194427      0.88913      0.18697
54477       12   19247626   19539334      1       1  194427     -0.56426      0.71371
10599       12   21249128   21402730      1       1  194427       1.6215     0.052451
55907       12   22164108   22228608      1       1  194427      0.68559      0.24649
586         12   24952958   25137393      1       1  194427      0.67714      0.24916
3845        12   25348180   25438870      1       1  194427     -0.24815      0.59799
79365       12   26262959   26313003      1       1  194427     -0.35876      0.64011
3709        12   26478285   27021131      4       1  194427      -1.8211      0.96571
8496        12   27642045   27858497      1       1  194427      -1.6176      0.94712
441631      12   31044536   31159537      1       1  194427      -1.2035       0.8856
144402      12   39036002   39335395      1       1  194427      0.10973      0.45631
114134      12   40138823   40534847      1       1  194427      0.61085      0.27065
283463      12   40756677   40974632      1       1  194427     -0.16403      0.56515
29951       12   41547250   41978392      2       1  194427      -1.9022      0.97142
84216       12   44194853   44793543      1       1  194427       0.2444      0.40346
51303       12   49305742   49354330      1       1  194427       1.4131     0.078812
377         12   49319987   49386309      1       1  194427       1.4131     0.078812
7471        12   49337236   49386396      1       1  194427       1.4131     0.078812
57609       12   50863768   51152450      2       1  194427       1.9128     0.027884
7024        12   51477539   51601926      2       1  194427      0.16508      0.43444
11226       12   51735654   51820739      1       1  194427     -0.58929      0.72217
9498        12   51750101   51919547      1       1  194427     -0.58929      0.72217
401720      12   52201676   52277364      1       1  194427      -1.4294      0.92356
341405      12   52246745   52295505      1       1  194427      -1.4294      0.92356
51350       12   53151939   53206129      1       1  194427      0.72443       0.2344
84324       12   56136247   56246540      1       1  194427       1.5729     0.057867
85406       12   56204744   56259337      1       1  194427       1.5729     0.057867
4327        12   56219214   56271767      1       1  194427       1.5729     0.057867
1431        12   56655483   56729175      2       1  194427      0.68501      0.24667
10330       12   56694212   56745128      2       1  194427      0.68501      0.24667
51561       12   56697663   56744194      1       1  194427       0.7858      0.21599
1649        12   57900371   57949300      1       1  194427      0.80429      0.21061
3798        12   57908812   57990416      1       1  194427      0.80429      0.21061
10540       12   57913833   57976114      1       1  194427      0.80429      0.21061
23426       12   66731178   67498014      2       1  194427      -1.8259      0.96607
29953       12   72631314   73069422      1       1  194427      0.87175      0.19167
4659        12   80157343   80364235      1       1  194427      -1.6065      0.94592
160335      12   83045731   83538647      1       1  194427       1.7728     0.038132
25834       12   86363037   87267681      1       1  194427      0.32992      0.37073
490         12   89971826   90138130     31       1  194427     -0.18363      0.57285
8411        12   93156285   93358107      1       1  194427      0.29203      0.38513
56899       12   99118569  100413512      2       1  194427      -1.3897      0.91769
9971        12  100832486  100967645      1       1  194427       1.0293      0.15167
3479        12  102779645  102910563      3       1  194427     -0.27122      0.60689
55576       12  103946069  104170502      1       1  194427     -0.28768       0.6132
50515       12  104815692  105165792      1       1  194427      0.19707      0.42189
8315        12  112069950  112158790      1       1  194427      0.35204       0.3624
217         12  112169691  112257789      1       1  194427      0.21599       0.4145
8437        12  113526624  113609044      1       1  194427      -1.3435      0.91044
387885      12  113552543  113607081      1       1  194427      -1.3435      0.91044
121665      12  121190313  121377155      3       1  194427       1.4014     0.080546
64897       12  121430835  121489300      1       1  194427      0.90319      0.18321
8638        12  121448095  121512045      1       1  194427      0.90319      0.18321
5027        12  121535622  121634439      1       1  194427      -1.6389      0.94938
5025        12  121612664  121681909      1       1  194427      -1.6389      0.94938
100533183   12  124422762  124810570      1       1  194427      -1.4079      0.92042
144347      12  124738710  124810570      1       1  194427      -1.4079      0.92042
9612        12  124798957  125087079      2       1  194427      0.64746      0.25867
949         12  125252174  125383519      1       1  194427      0.01248      0.49502
7316        12  125386192  125434587      1       1  194427      0.54622      0.29246
92293       12  128716948  129202460      1       1  194427       1.1131      0.13284
93492       13   19987017   20170714      1       1  194427       1.3491     0.088648
2706        13   20751602   20803605      1       1  194427       1.1988       0.1153
64328       13   21341468   21511913      1       1  194427     -0.27103      0.60682
143         13   24985069   25121948      1       1  194427      -0.7328      0.76816
6049        13   26776894   26831686      1       1  194427       1.0013      0.15835
1024        13   26793262   26989375      8       2  194427       1.3035     0.096195
23281       13   29359485   30090084      1       1  194427     -0.17364      0.56892
6541        13   30073551   30204825      1       1  194427     -0.17364      0.56892
5412        13   30328545   30459820      1       1  194427    0.0019782      0.49921
241         13   31252615   31348565      1       1  194427       -1.057      0.85474
145173      13   31739112   31916413      1       1  194427      0.34889      0.36359
26960       13   35481424   36256874      3       1  194427     -0.77743      0.78155
341640      13   39226173   39471268      1       1  194427     -0.98308      0.83721
79612       13   41850341   41961166      2       1  194427       1.0707      0.14215
23078       13   42130961   42570221      1       1  194427       2.6096     0.004532
8600        13   43101872   43192149      1       1  194427        1.216      0.11198
387923      13   44912978   44981850      1       1  194427      0.13175      0.44759
8848        13   44996279   45185701      1       1  194427      0.74023      0.22958
144983      13   53138750   53227931      1       1  194427     -0.45494      0.67542
10910       13   53191830   53272433      2       1  194427     -0.11563      0.54603
81624       13   60229717   60773119      1       1  194427       -1.539       0.9381
5101        13   66866966   67839468      1       1  194427     -0.90472      0.81719
1602        13   72002098   72476330      3       2  194427       -3.318      0.99955
2262        13   92015935   93529490      2       1  194427      0.99495      0.15988
10257       13   95662083   95988705      2       1  194427     -0.47249      0.68171
266722      13   96708093   97501816      2       1  194427      0.54909      0.29147
5911        13   98051475   98130252      1       1  194427      0.45338      0.32514
10160       13   98759893   99112023      1       1  194427      -2.2819      0.98875
728215      13  107810879  108554460      1       1  194427       1.0956      0.13662
1282        13  110791310  110994496      2       1  194427      0.54999      0.29116
8874        13  111732624  111968081      1       1  194427      0.65643      0.25577
3183        14   21667295   21772638      1       1  194427      0.71846      0.23624
57096       14   21721136   21829460      1       1  194427      0.71846      0.23624
6955        14   22055057   23031075      1       1  194427       -0.691      0.75522
161424      14   24734075   24787379      1       1  194427     -0.39355      0.65304
56413       14   24744357   24791259      1       1  194427     -0.39355      0.65304
1241        14   24745705   24797242      1       1  194427     -0.39355      0.65304
115817      14   24749804   24804039      1       1  194427     -0.39355      0.65304
27141       14   24764393   24815576      1       1  194427     -0.39355      0.65304
64067       14   33369115   34283382      2       1  194427      0.27179      0.39289
145282      14   37632118   38030464      1       1  194427     -0.61898      0.73204
11183       14   50875211   51034376      1       1  194427      0.46494      0.32099
51062       14   50964800   51109786      1       1  194427      0.46494      0.32099
341880      14   58020640   58367592      1       1  194427      0.91202      0.18088
23002       14   59620329   59848123      1       1  194427       0.3686      0.35621
27133       14   63163291   63546956      1       1  194427    -0.014881      0.50594
57381       14   63636080   63770230      1       1  194427     -0.79742       0.7874
26030       14   65136132   65223623      1       1  194427        1.211      0.11295
161145      14   67903801   68017445      1       1  194427       1.3422     0.089768
57475       14   67964916   68066255      1       1  194427       1.3422     0.089768
5890        14   68251496   69159889      1       1  194427       0.4258      0.33513
4329        14   74514365   74586196      1       1  194427      -1.0239      0.84707
91750       14   74516656   74677117      1       1  194427      -1.0239      0.84707
338917      14   74671175   74739441      1       1  194427       -2.345      0.99049
27030       14   75470467   75553235      1       1  194427       1.7082     0.043798
79696       14   75500935   75554799      1       1  194427       1.7082     0.043798
97          14   75509924   75571181      1       1  194427       1.7082     0.043798
91754       14   75538818   75628778      1       1  194427       1.7082     0.043798
9369        14   78601716   80344633      2       1  194427     -0.33801      0.63232
54207       14   88636452   88828256      1       1  194427     0.043722      0.48256
145270      14   94174644   94289766      1       1  194427     0.042361      0.48311
145258      14   95224560   95271499      1       1  194427      0.76073      0.22341
23405       14   95542565   95658759      1       1  194427      -1.2016      0.88525
4140        14  103816701  103980168      1       1  194427       1.2634      0.10322
23359       15   29402455   29897927      1       1  194427      -2.1318      0.98349
56160       15   29550353   29597020      1       1  194427      -2.1318      0.98349
7082        15   29982338   30296038      1       1  194427       2.2083     0.013611
6447        15   32898757   32999299      2       1  194427      0.68244      0.24748
26585       15   32975175   33036870      1       1  194427       1.2343      0.10855
342184      15   33047745   33521934      1       1  194427      -1.1643      0.87786
161742      15   38509925   38659450      1       1  194427        1.056      0.14548
440275      15   40191331   40337797      2       1  194427      0.37552      0.35364
6727        15   40317891   40366389      2       1  194427      0.37552      0.35364
2595        15   42531366   42656599      3       1  194427     -0.28012      0.61031
825         15   42611545   42714515      3       1  194427     -0.28012      0.61031
84978       15   44152962   44522429      3       1  194427      0.45374      0.32501
140691      15   44993314   45070027      1       1  194427     -0.28369      0.61168
54822       15   50839351   51014012      1       1  194427      0.20242      0.41979
440279      15   54235557   54930806      1       1  194427      -1.0371      0.85017
283659      15   55893738   56070847      2       1  194427     -0.20835      0.58252
6938        15   57175833   57590716      1       1  194427     -0.11827      0.54707
3990        15   58667953   58871073      2       1  194427       2.6624    0.0038794
6095        15   60770483   61556502      1       1  194427     -0.01241      0.50495
54832       15   62134588   62387664      1       1  194427      0.24366      0.40375
83660       15   62647769   63146830      1       1  194427     -0.65047       0.7423
51762       15   63446728   63569975      6       1  194427       1.5005     0.066737
771         15   63605730   63709326      1       1  194427      0.13897      0.44474
79856       15   64408899   64459680      1       1  194427      0.38591      0.34978
5479        15   64438014   64490354      1       1  194427      0.38591      0.34978
53944       15   64447716   64700968      1       1  194427      0.38591      0.34978
84465       15   66177634   66581075      1       1  194427     -0.56685      0.71459
5607        15   67800021   68109455      3       1  194427       1.1427      0.12658
8125        15   69060874   69148261      1       1  194427       0.2962      0.38354
79875       15   71372935   72085722      1       1  194427       1.4838     0.068926
10002       15   72067888   72120600      2       1  194427       0.9046      0.18284
60677       15   72567068   72647525      1       1  194427      0.19014       0.4246
3073        15   72625778   72704474      1       1  194427      0.19014       0.4246
4756        15   73309056   73607547      1       1  194427      0.56466      0.28615
192683      15   75252876   75323836      2       1  194427     -0.29523      0.61609
60490       15   75280927   75353067      5       1  194427     -0.54253      0.70627
1136        15   78875394   78948637      1       1  194427       2.5993     0.004671
1143        15   78906636   78968587      6       1  194427       2.3854    0.0085314
11173       15   79041545   79138805      1       1  194427     -0.15525      0.56169
11214       15   85888818   86302589      2       1  194427       1.1688      0.12123
64410       15   86292557   86373189      1       1  194427       1.2817     0.099977
123624      15   86588137   87582283      2       1  194427        1.463     0.071728
3480        15   99157272   99517759      1       1  194427      0.27464       0.3918
204219      15  100930600  101119925      1       1  194427     -0.50781      0.69421
5310        16    2128709    2220899      1       1  194427     -0.67074      0.74881
25837       16    2163145    2214141      1       1  194427     -0.67074      0.74881
84231       16    2170763    2238130      1       1  194427     -0.67074      0.74881
54715       16    5254469    7773342      3       2  194427   -0.0045076       0.5018
57496       16   14130178   14370633      1       1  194427      -1.5189      0.93561
4629        16   15786992   15985887      1       1  194427    0.0051206      0.49796
64131       16   17186181   17599738      2       1  194427      -1.4298      0.92361
115584      16   24822184   24932949      1       1  194427      -1.3905       0.9178
162083      16   27043219   27090487      1       1  194427     -0.24637       0.5973
3683        16   30448983   30544506      1       1  194427     -0.82998      0.79672
10294       16   46979274   47042625      1       1  194427      0.11798      0.45304
79068       16   53702875   54158379      5       1  194427      0.71641      0.23687
583         16   56494301   56589008      1       1  194427     -0.77882      0.78196
84560       16   56563961   56612869      1       1  194427     -0.77882      0.78196
80011       16   57176378   57255387      1       1  194427     0.039184      0.48437
89970       16   57185026   57284385      1       1  194427     0.039184      0.48437
146227      16   66426200   66537432      1       1  194427     -0.83539      0.79825
146212      16   67313338   67395664      1       1  194427     -0.65159      0.74267
55282       16   67325747   67429109      2       1  194427      -0.1797      0.57131
65057       16   67681415   67729718      1       1  194427     -0.46016       0.6773
84080       16   67686850   67735628      1       1  194427     -0.46016       0.6773
81577       16   67698436   67788273      1       1  194427     -0.46016       0.6773
55512       16   68382230   68517409      1       1  194427     -0.66349      0.74649
342372      16   71953441   72068877      3       1  194427      0.53374      0.29676
1723        16   72007643   72069316      3       1  194427      0.53374      0.29676
3240        16   72053470   72104955      1       1  194427      0.63115      0.26397
3250        16   72062125   72121145      1       1  194427      0.63115      0.26397
9785        16   72092615   72156811      3       1  194427    0.0062033      0.49753
54957       16   72108756   72163215      3       1  194427    0.0062033      0.49753
83449       16   72142996   72241349      1       1  194427     -0.52079      0.69874
85445       16   76276176   76603135      1       1  194427      0.38933      0.34852
51741       16   78098310   79256567      2       1  194427      0.61917       0.2679
83657       16   80539854   80594713      2       1  194427     -0.80948      0.79088
8139        16   81313571   81423803      1       1  194427     -0.38656      0.65046
8720        16   84077368   84185517      1       1  194427      0.33847       0.3675
333929      16   88734090   88788192      1       1  194427       1.1378       0.1276
348180      16   88737891   88791794      1       1  194427       1.1378       0.1276
115992      16   88752903   88807829      1       1  194427       1.1378       0.1276
9780        16   88771746   88886372      1       1  194427       1.1378       0.1276
197322      16   89125217   89232171      1       1  194427     -0.35158      0.63742
83394       17    6344583    6494877      1       1  194427     0.050579      0.47983
6462        17    7482382    7546700      1       1  194427     -0.39531      0.65369
9513        17    7484548    7553215      1       1  194427     -0.39531      0.65369
482         17    7519254    7571089      1       1  194427     -0.39531      0.65369
112483      17    7519552    7566194      1       1  194427     -0.39531      0.65369
146754      17    7585631    7747058      1       1  194427     -0.73522       0.7689
5187        17    8033788    8094723      1       1  194427      0.16378      0.43495
6844        17    8052465    8101293      1       1  194427      0.16378      0.43495
84314       17    8066296    8114723      1       1  194427      0.16378      0.43495
54785       17    8081651    8128564      1       1  194427      0.16378      0.43495
9912        17   12657829   12904960      2       1  194427      0.12937      0.44853
55090       17   17345300   17406534      1       1  194427      0.54763      0.29197
10743       17   17549787   17724767      1       1  194427      -1.1249      0.86968
4763        17   29386945   29714695      1       1  194427      0.24802      0.40206
2124        17   29619888   29676130      1       1  194427      0.24802      0.40206
2123        17   29633428   29683767      1       1  194427      0.24802      0.40206
40          17   31330105   32518825      1       1  194427     -0.50973      0.69488
10693       17   33244878   33342968      2       1  194427      0.25123      0.40082
91603       17   33253549   33300205      2       1  194427      0.25123      0.40082
3980        17   33272517   33342088      1       1  194427       0.1999      0.42078
91607       17   33667324   33735821      1       1  194427      0.35156      0.36258
1440        17   38136614   38184066      1       1  194427       2.0833     0.018611
9862        17   38165350   38245889      1       1  194427       2.0833     0.018611
85289       17   39295176   39341054      1       1  194427       1.2547       0.1048
84616       17   39305905   39351983      1       1  194427       1.2547       0.1048
728318      17   39311139   39356891      1       1  194427       1.2547       0.1048
85290       17   39313483   39359424      1       1  194427       1.2547       0.1048
85291       17   39323698   39369460      1       1  194427       1.2547       0.1048
85285       17   39330352   39376147      1       1  194427       1.2547       0.1048
8687        17   39582621   39632596      1       1  194427     -0.89708      0.81516
3882        17   39605765   39658638      1       1  194427     -0.89708      0.81516
79877       17   43090706   43173473      1       1  194427      -1.9968      0.97708
4836        17   43103322   43196384      1       1  194427      -1.9968      0.97708
10951       17   46137414   46213883      1       1  194427      0.73578      0.23093
29916       17   46149911   46210109      1       1  194427      0.73578      0.23093
8631        17   46200802   46542596      1       1  194427      0.73578      0.23093
56934       17   49697674   50272377      1       1  194427      0.89028      0.18666
10040       17   52942880   53049328      2       1  194427      0.40054      0.34438
162282      17   54195836   54570007      1       1  194427       2.0187     0.021759
388403      17   57374053   57489095      1       1  194427      0.41735      0.33821
54828       17   58720172   59480199      3       2  194427       2.2824     0.011232
101927855   17   59430108   59479966      1       1  194427      -1.4971      0.93281
9902        17   60669762   60780962      2       1  194427       1.2348      0.10846
80774       17   61763249   61813527      1       1  194427      0.65317      0.25682
92335       17   61770192   61854330      1       1  194427      0.65317      0.25682
5578        17   64263760   64816862     14       2  194427       2.0622     0.019597
10349       17   67134148   67275956      1       1  194427       0.6708      0.25117
23461       17   67230576   67358323      1       1  194427       1.0152      0.15502
55028       17   71193372   71255098      1       1  194427      0.98585       0.1621
84923       17   71193492   71263533      1       1  194427      0.98585       0.1621
642843      17   71234588   71293019      1       1  194427      0.98585       0.1621
100134391   17   71698993   71762696      1       1  194427      -1.6264      0.94806
2885        17   73304157   73436790      1       1  194427     -0.30735      0.62071
7077        17   76839059   76956472      1       1  194427      0.43523       0.3317
100653515   17   76876577   76934299      1       1  194427      0.43523       0.3317
146713      17   77075427   77547230      1       1  194427      0.22034       0.4128
9625        17   79074285   79174877      1       1  194427       1.2719       0.1017
22994       17   79153393   79231793      1       1  194427       1.2719       0.1017
10966       17   80604943   80691598      1       1  194427     -0.38854      0.65119
79672       17   80639582   80695893      1       1  194427     -0.38854      0.65119
64122       17   80658452   80719073      1       1  194427     -0.38854      0.65119
101929552   17   80661785   80709324      1       1  194427     -0.38854      0.65119
9229        18    3486030    4490310      2       1  194427       1.5415     0.061598
11031       18    9673228    9872553      1       1  194427      -1.7431      0.95935
342850      18   12058848   12139763      1       1  194427      0.51469      0.30339
753         18   13183729   13662753      2       1  194427       1.1549      0.12407
125228      18   13653346   13761591      1       1  194427        -0.14      0.55567
91768       18   20679528   20850434      2       1  194427      0.36099      0.35905
6875        18   23771409   23981649      2       1  194427     0.013668      0.49455
56853       18   34813003   35181000      2       1  194427       1.1119       0.1331
6014        18   40313183   40730676      1       1  194427      0.58369      0.27971
8170        18   42757947   43273072      2       1  194427       1.0139      0.15531
4087        18   45349466   45492564      1       1  194427       1.7927     0.036508
201501      18   45543043   45970793      2       1  194427     -0.47704      0.68333
220134      18   47866392   47930538      1       1  194427      -2.1692      0.98497
1630        18   49831542   51072273      1       1  194427      0.13323        0.447
5205        18   55303658   55505327      1       1  194427      -2.5043      0.99387
23327       18   55676580   56078772      1       1  194427      0.38044      0.35181
8792        18   59957520   60064943      1       1  194427     -0.65465      0.74365
23239       18   60347672   60657676      1       1  194427     -0.95325      0.82977
220164      18   67033284   67526323      2       1  194427      -1.3919      0.91802
10666       18   67520192   67659412      2       1  194427      0.10771      0.45711
84735       18   72166692   72262261      1       1  194427     -0.41596      0.66128
55628       18   72230106   72787628      2       1  194427      0.12094      0.45187
4782        19    3324561    3479215      1       1  194427       -0.875      0.80921
148066      19    5420426    5466867      1       1  194427      0.59848      0.27476
85509       19    8908074    8964016      1       1  194427       0.8587      0.19525
148156      19    8910250    8977972      1       1  194427       0.8587      0.19525
3609        19   10729937   10813095      1       1  194427       3.1111   0.00093201
81890       19   10777112   10834043      1       1  194427       3.1111   0.00093201
1785        19   10793729   10954169      1       1  194427       3.1111   0.00093201
10498       19   10947253   11043453      1       1  194427      0.60848      0.27143
90580       19   11004424   11050917      1       1  194427      0.60848      0.27143
78992       19   11023444   11074357      1       1  194427      0.60848      0.27143
6597        19   11036598   11182958      1       1  194427      0.60848      0.27143
404037      19   19356450   19408596      1       1  194427     -0.62831       0.7351
53345       19   19364841   19419074      1       1  194427     -0.62831       0.7351
57794       19   19377320   19466321      1       1  194427     -0.62831       0.7351
148113      19   19614057   19667468      1       1  194427     -0.13481      0.55362
80714       19   19662516   19764725      2       1  194427     -0.34741      0.63586
148206      19   21229953   21317897      1       1  194427       1.3448     0.089341
7562        19   21463963   21547219      1       1  194427       1.4238     0.077247
400682      19   21765852   21849594      1       1  194427       -1.385      0.91697
26065       19   34628352   34730420      1       1  194427      -1.3917      0.91799
9710        19   34710456   34856471      1       1  194427      -1.3917      0.91799
3249        19   35496410   35567481      2       1  194427      0.34374      0.36552
3783        19   44260685   44321269      2       1  194427      -1.3555      0.91237
284348      19   44290079   44359808      2       1  194427      -1.3555      0.91237
284349      19   44296445   44363050      2       1  194427      -1.3555      0.91237
7767        19   44563482   44623997      1       1  194427     -0.19715      0.57815
7768        19   44582528   44647255      1       1  194427     -0.19715      0.57815
10780       19   44610710   44674462      1       1  194427     -0.19715      0.57815
7772        19   44920423   44987766      1       1  194427       -3.164      0.99922
7733        19   44968645   45039574      1       1  194427     -0.63259       0.7365
125931      19   45000211   45068548      1       1  194427     -0.63259       0.7365
79149       19   56722672   56861208      1       1  194427     -0.61492       0.7307
100506374   19   56749111   56831823      1       1  194427     -0.61492       0.7307
140680      20     241504     306419      1       1  194427        1.774     0.038029
85364       20     243204     290965      1       1  194427        1.774     0.038029
6666        20     271215     320872      1       1  194427        1.774     0.038029
51378       20     842763     931977      1       1  194427     -0.28335      0.61154
83959       20    3198063    3257109      1       1  194427     -0.59681      0.72468
25943       20    3219948    3423587      1       1  194427     -0.59681      0.72468
23236       20    8077912    8875547      2       1  194427     -0.74958      0.77325
80343       20   13819635   14010979      1       1  194427      -1.1827      0.88153
140733      20   13941146   16043842      7       5  194427      -0.2041      0.58086
55614       20   16242742   16589079      1       1  194427     -0.12889      0.55128
5126        20   17171752   17475223      1       1  194427      0.14251      0.44334
631         20   17464550   17584865      1       1  194427      0.92434      0.17765
11034       20   17514818   17598887      1       1  194427      0.92434      0.17765
8530        20   24894866   24950564      1       1  194427      0.86013      0.19486
57136       20   24933566   25008610      1       1  194427      0.86013      0.19486
955         20   25141327   25217365      1       1  194427       1.4298     0.076394
5834        20   25193706   25288648      1       1  194427       1.4298     0.076394
22919       20   31372699   31448211      1       1  194427      0.57624      0.28223
388795      20   31416595   31491113      1       1  194427      0.57624      0.28223
6676        20   34168776   34218967      1       1  194427       0.2107      0.41656
8904        20   34203953   34287878      1       1  194427       0.2107      0.41656
51230       20   34324923   34548292      1       1  194427      0.15043      0.44021
84181       20   40020741   40282133      1       1  194427      0.38167      0.35135
11122       20   40691392   41853557      1       1  194427       0.4409      0.32964
4605        20   42260659   42355136      2       1  194427       1.6725     0.047211
140825      20   44507111   44554926      2       1  194427      -0.8758      0.80943
5360        20   44517259   44576003      5       1  194427      -0.6881       0.7543
63935       20   44528313   44586732      7       1  194427     -0.75756      0.77564
63925       20   44567292   44636560      5       1  194427      -1.3005      0.90328
4318        20   44602547   44655200      1       1  194427      -1.2579      0.89579
57468       20   44615329   44698789      1       1  194427      -1.2579      0.89579
2139        20   45488263   45827492      1       1  194427     -0.17305       0.5687
3755        20   49610193   49674675      1       1  194427       1.1521      0.12464
128602      20   56690983   56746186      1       1  194427     -0.48749      0.68704
140731      20   56783510   56839039      1       1  194427     -0.31627       0.6241
128611      20   57700895   57844168      4       1  194427    -0.056013      0.52233
3911        20   60874116   60977368      1       1  194427     -0.47057      0.68103
6227        20   60927121   60973576      1       1  194427     -0.47057      0.68103
81928       20   60953686   61017339      1       1  194427     -0.47057      0.68103
84619       20   62303727   62377494      1       1  194427     -0.23923      0.59454
10139       20   62319995   62374365      1       1  194427     -0.23923      0.59454
54923       20   62332480   62380460      1       1  194427     -0.23923      0.59454
56731       20   62336211   62385403      1       1  194427     -0.23923      0.59454
140685      20   62365021   62498731      2       1  194427      0.28684      0.38712
4661        20   62760827   62883606      1       1  194427      -1.0951      0.86325
351         21   27242861   27578446      1       1  194427      -1.0028      0.84203
100996571   21   27730954   27951571      1       1  194427       1.2843     0.099511
26285       21   31528241   31573971      1       1  194427      -1.2071      0.88629
728299      21   32400478   32445795      1       1  194427      0.35061      0.36294
1859        21   38704859   38897679      1       1  194427     -0.26184      0.60328
3763        21   38986778   39323741      1       1  194427     -0.51917      0.69818
54014       21   40546102   40720745      1       1  194427       2.5034    0.0061511
1826        21   41374343   42254039      1       1  194427      0.54147      0.29409
5152        21   44038862   44205619      1       1  194427     0.088351       0.4648
104         21   46459493   46656478      1       1  194427     0.078915      0.46855
550631      22   30717627   30782818      1       1  194427       -1.093      0.86281
10291       22   30717977   30787931      1       1  194427       -1.093      0.86281
23541       22   30757930   30831291      1       1  194427       -1.093      0.86281
200312      22   30764801   30818302      1       1  194427       -1.093      0.86281
4627        22   36667323   36819107      1       1  194427       1.2592      0.10398
80274       22   43589229   43774394      1       1  194427      -2.2006      0.98612
112885      22   45267042   45440809      1       1  194427      -1.0472       0.8525
