Welcome to MAGMA v1.10 (linux)
Using flags:
	--bfile /home/rstudio/.cache/R/MAGMA.Celltyping/g1000_amr/g1000_amr
	--pval /tmp/RtmpbzRWiU/ieu-a-9.tsv N=194427
	--genes-only
	--gene-annot /shared/bms20/projects/MAGMA_Files_Public/data/GWAS_sumstats/ieu-a-9/MAGMA_Files/ieu-a-9.tsv.gz.35UP.10DOWN/ieu-a-9.tsv.gz.35UP.10DOWN.genes.annot
	--out /shared/bms20/projects/MAGMA_Files_Public/data/GWAS_sumstats/ieu-a-9/MAGMA_Files/ieu-a-9.tsv.gz.35UP.10DOWN/ieu-a-9.tsv.gz.35UP.10DOWN

Start time is 20:18:01, Tuesday 09 Aug 2022

Loading PLINK-format data...
Reading file /home/rstudio/.cache/R/MAGMA.Celltyping/g1000_amr/g1000_amr.fam... 347 individuals read
Reading file /home/rstudio/.cache/R/MAGMA.Celltyping/g1000_amr/g1000_amr.bim... 26627479 SNPs read
Preparing file /home/rstudio/.cache/R/MAGMA.Celltyping/g1000_amr/g1000_amr.bed... 

Reading SNP synonyms from file /home/rstudio/.cache/R/MAGMA.Celltyping/g1000_amr/g1000_amr.synonyms (auto-detected)
	read 6338577 mapped synonyms from file, mapping to 4160183 SNPs in the data
	WARNING: detected 160 synonymous SNP pairs in the data
	         skipped all synonym entries involved, synonymous SNPs are kept in analysis
	         writing list of detected synonyms in data to supplementary log file
Reading SNP p-values from file /tmp/RtmpbzRWiU/ieu-a-9.tsv... 
	detected 13 variables in file
	using variable: SNP (SNP id)
	using variable: P (p-value)
	read 38601 lines from file, containing valid SNP p-values for 38510 SNPs in data (99.76% of lines, 0.1446% of SNPs in data)
Loading gene annotation from file /shared/bms20/projects/MAGMA_Files_Public/data/GWAS_sumstats/ieu-a-9/MAGMA_Files/ieu-a-9.tsv.gz.35UP.10DOWN/ieu-a-9.tsv.gz.35UP.10DOWN.genes.annot... 
	9275 gene definitions read from file
	found 9258 genes containing valid SNPs in genotype data


Starting gene analysis... 
	using model: SNPwise-mean
	writing gene analysis results to file /shared/bms20/projects/MAGMA_Files_Public/data/GWAS_sumstats/ieu-a-9/MAGMA_Files/ieu-a-9.tsv.gz.35UP.10DOWN/ieu-a-9.tsv.gz.35UP.10DOWN.genes.out


End time is 20:19:09, Tuesday 09 Aug 2022 (elapsed: 00:01:08)
