Welcome to MAGMA v1.10 (linux)
Using flags:
	--bfile /home/rstudio/.cache/R/MAGMA.Celltyping/g1000_eur/g1000_eur
	--pval /tmp/RtmpbiUhmC/Vuckovic2020.mono.tsv N=408112
	--gene-annot /shared/bms20/projects/MAGMA_Files_Public/data/GWAS_munged/Vuckovic2020.mono/MAGMA_Files/Vuckovic2020.mono.tsv.gz.35UP.10DOWN/Vuckovic2020.mono.tsv.gz.35UP.10DOWN.genes.annot
	--out /shared/bms20/projects/MAGMA_Files_Public/data/GWAS_munged/Vuckovic2020.mono/MAGMA_Files/Vuckovic2020.mono.tsv.gz.35UP.10DOWN/Vuckovic2020.mono.tsv.gz.35UP.10DOWN

Start time is 17:29:50, Thursday 01 Jun 2023

Loading PLINK-format data...
Reading file /home/rstudio/.cache/R/MAGMA.Celltyping/g1000_eur/g1000_eur.fam... 503 individuals read
Reading file /home/rstudio/.cache/R/MAGMA.Celltyping/g1000_eur/g1000_eur.bim... 22665064 SNPs read
Preparing file /home/rstudio/.cache/R/MAGMA.Celltyping/g1000_eur/g1000_eur.bed... 

Reading SNP synonyms from file /home/rstudio/.cache/R/MAGMA.Celltyping/g1000_eur/g1000_eur.synonyms (auto-detected)
	read 6016767 mapped synonyms from file, mapping to 3921040 SNPs in the data
	WARNING: detected 133 synonymous SNP pairs in the data
	         skipped all synonym entries involved, synonymous SNPs are kept in analysis
	         writing list of detected synonyms in data to supplementary log file
Reading SNP p-values from file /tmp/RtmpbiUhmC/Vuckovic2020.mono.tsv... 
	detected 17 variables in file
	using variable: SNP (SNP id)
	using variable: P (p-value)
	read 12706860 lines from file, containing valid SNP p-values for 10472599 SNPs in data (82.42% of lines, 46.21% of SNPs in data)
	WARNING: file contained 2 SNPs (same IDs or synonyms) with duplications
	         dropped all occurrences of each from analysis
	         writing list of duplicated IDs to supplementary log file
Loading gene annotation from file /shared/bms20/projects/MAGMA_Files_Public/data/GWAS_munged/Vuckovic2020.mono/MAGMA_Files/Vuckovic2020.mono.tsv.gz.35UP.10DOWN/Vuckovic2020.mono.tsv.gz.35UP.10DOWN.genes.annot... 
	18167 gene definitions read from file
	found 18157 genes containing valid SNPs in genotype data


Starting gene analysis... 
	using model: SNPwise-mean
	writing gene analysis results to file /shared/bms20/projects/MAGMA_Files_Public/data/GWAS_munged/Vuckovic2020.mono/MAGMA_Files/Vuckovic2020.mono.tsv.gz.35UP.10DOWN/Vuckovic2020.mono.tsv.gz.35UP.10DOWN.genes.out
	writing intermediate output to file /shared/bms20/projects/MAGMA_Files_Public/data/GWAS_munged/Vuckovic2020.mono/MAGMA_Files/Vuckovic2020.mono.tsv.gz.35UP.10DOWN/Vuckovic2020.mono.tsv.gz.35UP.10DOWN.genes.raw


End time is 19:48:42, Thursday 01 Jun 2023 (elapsed: 02:18:52)
