Welcome to MAGMA v1.10 (linux)
Using flags:
	--bfile /home/rstudio/.cache/R/MAGMA.Celltyping/g1000_sas/g1000_sas
	--pval /tmp/Rtmp3yqmVv/ieu-a-13.tsv N=1174
	--genes-only
	--gene-annot /shared/bms20/projects/MAGMA_Files_Public/data/GWAS_sumstats/ieu-a-13/MAGMA_Files/ieu-a-13.tsv.gz.35UP.10DOWN/ieu-a-13.tsv.gz.35UP.10DOWN.genes.annot
	--out /shared/bms20/projects/MAGMA_Files_Public/data/GWAS_sumstats/ieu-a-13/MAGMA_Files/ieu-a-13.tsv.gz.35UP.10DOWN/ieu-a-13.tsv.gz.35UP.10DOWN

Start time is 18:33:44, Saturday 06 Aug 2022

Loading PLINK-format data...
Reading file /home/rstudio/.cache/R/MAGMA.Celltyping/g1000_sas/g1000_sas.fam... 489 individuals read
Reading file /home/rstudio/.cache/R/MAGMA.Celltyping/g1000_sas/g1000_sas.bim... 24970437 SNPs read
Preparing file /home/rstudio/.cache/R/MAGMA.Celltyping/g1000_sas/g1000_sas.bed... 

Reading SNP synonyms from file /home/rstudio/.cache/R/MAGMA.Celltyping/g1000_sas/g1000_sas.synonyms (auto-detected)
	read 5854850 mapped synonyms from file, mapping to 3797959 SNPs in the data
	WARNING: detected 148 synonymous SNP pairs in the data
	         skipped all synonym entries involved, synonymous SNPs are kept in analysis
	         writing list of detected synonyms in data to supplementary log file
Reading SNP p-values from file /tmp/Rtmp3yqmVv/ieu-a-13.tsv... 
	detected 13 variables in file
	using variable: SNP (SNP id)
	using variable: P (p-value)
	read 65755 lines from file, containing valid SNP p-values for 64059 SNPs in data (97.42% of lines, 0.2565% of SNPs in data)
Loading gene annotation from file /shared/bms20/projects/MAGMA_Files_Public/data/GWAS_sumstats/ieu-a-13/MAGMA_Files/ieu-a-13.tsv.gz.35UP.10DOWN/ieu-a-13.tsv.gz.35UP.10DOWN.genes.annot... 
	7948 gene definitions read from file
	found 7913 genes containing valid SNPs in genotype data


Starting gene analysis... 
	using model: SNPwise-mean
	writing gene analysis results to file /shared/bms20/projects/MAGMA_Files_Public/data/GWAS_sumstats/ieu-a-13/MAGMA_Files/ieu-a-13.tsv.gz.35UP.10DOWN/ieu-a-13.tsv.gz.35UP.10DOWN.genes.out


End time is 18:34:23, Saturday 06 Aug 2022 (elapsed: 00:00:39)
